#
# There is insufficient memory for the Java Runtime Environment to continue.
# Native memory allocation (malloc) failed to allocate 1214576 bytes for Chunk::new
# Possible reasons:
#   The system is out of physical RAM or swap space
#   The process is running with CompressedOops enabled, and the Java Heap may be blocking the growth of the native heap
# Possible solutions:
#   Reduce memory load on the system
#   Increase physical memory or swap space
#   Check if swap backing store is full
#   Decrease Java heap size (-Xmx/-Xms)
#   Decrease number of Java threads
#   Decrease Java thread stack sizes (-Xss)
#   Set larger code cache with -XX:ReservedCodeCacheSize=
#   JVM is running with Unscaled Compressed Oops mode in which the Java heap is
#     placed in the first 4GB address space. The Java Heap base address is the
#     maximum limit for the native heap growth. Please use -XX:HeapBaseMinAddress
#     to set the Java Heap base and to place the Java Heap above 4GB virtual address.
# This output file may be truncated or incomplete.
#
#  Out of Memory Error (arena.cpp:189), pid=20476, tid=21444
#
# JRE version: Java(TM) SE Runtime Environment (17.0.12+8) (build 17.0.12+8-LTS-286)
# Java VM: Java HotSpot(TM) 64-Bit Server VM (17.0.12+8-LTS-286, mixed mode, sharing, tiered, compressed oops, compressed class ptrs, g1 gc, windows-amd64)
# No core dump will be written. Minidumps are not enabled by default on client versions of Windows
#

---------------  S U M M A R Y ------------

Command Line: -javaagent:C:\Users\driss\AppData\Local\JetBrains\IntelliJ IDEA Community Edition 2022.1.2\lib\idea_rt.jar=56633:C:\Users\driss\AppData\Local\JetBrains\IntelliJ IDEA Community Edition 2022.1.2\bin -Dfile.encoding=UTF-8 com.cap.renault.RenaultApplication

Host: Intel(R) Core(TM) i5-6300U CPU @ 2.40GHz, 4 cores, 3G,  Windows 10 , 64 bit Build 19041 (10.0.19041.5915)
Time: Sat Nov  1 16:10:03 2025 Maroc (heure d64 bit Build 19041 (10.0.19041.5915) elapsed time: 205.463411 seconds (0d 0h 3m 25s)

---------------  T H R E A D  ---------------

Current thread (0x000001bc29e76e40):  JavaThread "C2 CompilerThread0" daemon [_thread_in_native, id=21444, stack(0x000000847c800000,0x000000847c900000)]


Current CompileTask:
C2: 205464 7271       4       java.lang.invoke.MethodType::makeImpl (109 bytes)

Stack: [0x000000847c800000,0x000000847c900000]
Native frames: (J=compiled Java code, j=interpreted, Vv=VM code, C=native code)
V  [jvm.dll+0x67a04a]
V  [jvm.dll+0x7da4ed]
V  [jvm.dll+0x7dbe33]
V  [jvm.dll+0x7dc4a3]
V  [jvm.dll+0x24508f]
V  [jvm.dll+0xab773]
V  [jvm.dll+0xabd3c]
V  [jvm.dll+0x361b9f]
V  [jvm.dll+0x32c431]
V  [jvm.dll+0x32b8ca]
V  [jvm.dll+0x21683f]
V  [jvm.dll+0x215c6f]
V  [jvm.dll+0x1a2960]
V  [jvm.dll+0x22610b]
V  [jvm.dll+0x2242ab]
V  [jvm.dll+0x79075c]
V  [jvm.dll+0x78abea]
V  [jvm.dll+0x678f35]
C  [ucrtbase.dll+0x21bb2]
C  [KERNEL32.DLL+0x17374]
C  [ntdll.dll+0x4cc91]


---------------  P R O C E S S  ---------------

Threads class SMR info:
_java_thread_list=0x000001bc701452a0, length=32, elements={
0x000001bc0ecf22a0, 0x000001bc0ecf3030, 0x000001bc29e736c0, 0x000001bc29e74090,
0x000001bc29e74960, 0x000001bc29e76240, 0x000001bc29e76e40, 0x000001bc29e7cc60,
0x000001bc29e85580, 0x000001bc29e6c840, 0x000001bc6f52e060, 0x000001bc6f52e940,
0x000001bc702911f0, 0x000001bc702907d0, 0x000001bc70291700, 0x000001bc7028e970,
0x000001bc7028f8a0, 0x000001bc70290ce0, 0x000001bc7028df50, 0x000001bc7028e460,
0x000001bc7028ee80, 0x000001bc7028fdb0, 0x000001bc7028f390, 0x000001bc7357afb0,
0x000001bc7357b4c0, 0x000001bc7357b9d0, 0x000001bc73578c40, 0x000001bc73578730,
0x000001bc7357bee0, 0x000001bc73578220, 0x000001bc73579150, 0x000001bc73579660
}

Java Threads: ( => current thread )
  0x000001bc0ecf22a0 JavaThread "Reference Handler" daemon [_thread_blocked, id=3756, stack(0x000000847c200000,0x000000847c300000)]
  0x000001bc0ecf3030 JavaThread "Finalizer" daemon [_thread_blocked, id=13836, stack(0x000000847c300000,0x000000847c400000)]
  0x000001bc29e736c0 JavaThread "Signal Dispatcher" daemon [_thread_blocked, id=19776, stack(0x000000847c400000,0x000000847c500000)]
  0x000001bc29e74090 JavaThread "Attach Listener" daemon [_thread_blocked, id=21328, stack(0x000000847c500000,0x000000847c600000)]
  0x000001bc29e74960 JavaThread "Service Thread" daemon [_thread_blocked, id=5284, stack(0x000000847c600000,0x000000847c700000)]
  0x000001bc29e76240 JavaThread "Monitor Deflation Thread" daemon [_thread_blocked, id=18660, stack(0x000000847c700000,0x000000847c800000)]
=>0x000001bc29e76e40 JavaThread "C2 CompilerThread0" daemon [_thread_in_native, id=21444, stack(0x000000847c800000,0x000000847c900000)]
  0x000001bc29e7cc60 JavaThread "C1 CompilerThread0" daemon [_thread_blocked, id=19672, stack(0x000000847c900000,0x000000847ca00000)]
  0x000001bc29e85580 JavaThread "Sweeper thread" daemon [_thread_blocked, id=19188, stack(0x000000847ca00000,0x000000847cb00000)]
  0x000001bc29e6c840 JavaThread "Common-Cleaner" daemon [_thread_blocked, id=14012, stack(0x000000847cb00000,0x000000847cc00000)]
  0x000001bc6f52e060 JavaThread "Monitor Ctrl-Break" daemon [_thread_in_native, id=10364, stack(0x000000847cc00000,0x000000847cd00000)]
  0x000001bc6f52e940 JavaThread "Notification Thread" daemon [_thread_blocked, id=19948, stack(0x000000847cd00000,0x000000847ce00000)]
  0x000001bc702911f0 JavaThread "Catalina-utility-1" [_thread_blocked, id=21136, stack(0x000000847d200000,0x000000847d300000)]
  0x000001bc702907d0 JavaThread "Catalina-utility-2" [_thread_blocked, id=4876, stack(0x000000847d300000,0x000000847d400000)]
  0x000001bc70291700 JavaThread "container-0" [_thread_blocked, id=20520, stack(0x000000847d400000,0x000000847d500000)]
  0x000001bc7028e970 JavaThread "mssql-jdbc-shared-timer-core-0" daemon [_thread_blocked, id=8796, stack(0x000000847d600000,0x000000847d700000)]
  0x000001bc7028f8a0 JavaThread "HikariPool-1:housekeeper" daemon [_thread_blocked, id=14236, stack(0x000000847d700000,0x000000847d800000)]
  0x000001bc70290ce0 JavaThread "http-nio-8080-exec-1" daemon [_thread_blocked, id=14384, stack(0x000000847da00000,0x000000847db00000)]
  0x000001bc7028df50 JavaThread "http-nio-8080-exec-2" daemon [_thread_blocked, id=13180, stack(0x000000847db00000,0x000000847dc00000)]
  0x000001bc7028e460 JavaThread "http-nio-8080-exec-3" daemon [_thread_blocked, id=14944, stack(0x000000847dc00000,0x000000847dd00000)]
  0x000001bc7028ee80 JavaThread "http-nio-8080-exec-4" daemon [_thread_blocked, id=8524, stack(0x000000847dd00000,0x000000847de00000)]
  0x000001bc7028fdb0 JavaThread "http-nio-8080-exec-5" daemon [_thread_blocked, id=7908, stack(0x000000847de00000,0x000000847df00000)]
  0x000001bc7028f390 JavaThread "http-nio-8080-exec-6" daemon [_thread_in_Java, id=10112, stack(0x000000847df00000,0x000000847e000000)]
  0x000001bc7357afb0 JavaThread "http-nio-8080-exec-7" daemon [_thread_blocked, id=9688, stack(0x000000847e000000,0x000000847e100000)]
  0x000001bc7357b4c0 JavaThread "http-nio-8080-exec-8" daemon [_thread_blocked, id=3716, stack(0x000000847e100000,0x000000847e200000)]
  0x000001bc7357b9d0 JavaThread "http-nio-8080-exec-9" daemon [_thread_blocked, id=12380, stack(0x000000847e200000,0x000000847e300000)]
  0x000001bc73578c40 JavaThread "http-nio-8080-exec-10" daemon [_thread_blocked, id=14888, stack(0x000000847e300000,0x000000847e400000)]
  0x000001bc73578730 JavaThread "http-nio-8080-Poller" daemon [_thread_in_native, id=6376, stack(0x000000847e400000,0x000000847e500000)]
  0x000001bc7357bee0 JavaThread "http-nio-8080-Acceptor" daemon [_thread_in_native, id=5400, stack(0x000000847e500000,0x000000847e600000)]
  0x000001bc73578220 JavaThread "ThreadPoolTaskScheduler-1" [_thread_blocked, id=17808, stack(0x000000847e600000,0x000000847e700000)]
  0x000001bc73579150 JavaThread "org.springframework.kafka.KafkaListenerEndpointContainer#0-0-C-1" [_thread_in_native, id=7072, stack(0x000000847e700000,0x000000847e800000)]
  0x000001bc73579660 JavaThread "DestroyJavaVM" [_thread_blocked, id=9592, stack(0x000000847bb00000,0x000000847bc00000)]

Other Threads:
  0x000001bc0eceb770 VMThread "VM Thread" [stack: 0x000000847c100000,0x000000847c200000] [id=15500]
  0x000001bc6f376bc0 WatcherThread [stack: 0x000000847ce00000,0x000000847cf00000] [id=17580]
  0x000001bc0ec6dff0 GCTaskThread "GC Thread#0" [stack: 0x000000847bc00000,0x000000847bd00000] [id=19212]
  0x000001bc6f2d6030 GCTaskThread "GC Thread#1" [stack: 0x000000847cf00000,0x000000847d000000] [id=16792]
  0x000001bc6f2d62f0 GCTaskThread "GC Thread#2" [stack: 0x000000847d000000,0x000000847d100000] [id=8336]
  0x000001bc6f2d6b30 GCTaskThread "GC Thread#3" [stack: 0x000000847d100000,0x000000847d200000] [id=3568]
  0x000001bc0ec78af0 ConcurrentGCThread "G1 Main Marker" [stack: 0x000000847bd00000,0x000000847be00000] [id=10700]
  0x000001bc0ec7abc0 ConcurrentGCThread "G1 Conc#0" [stack: 0x000000847be00000,0x000000847bf00000] [id=8144]
  0x000001bc0ecc9f40 ConcurrentGCThread "G1 Refine#0" [stack: 0x000000847bf00000,0x000000847c000000] [id=21316]
  0x000001bc0ecce890 ConcurrentGCThread "G1 Service" [stack: 0x000000847c000000,0x000000847c100000] [id=21200]

Threads with active compile tasks:
C2 CompilerThread0   205645 7271       4       java.lang.invoke.MethodType::makeImpl (109 bytes)

VM state: not at safepoint (normal execution)

VM Mutex/Monitor currently owned by a thread: None

Heap address: 0x00000000c1c00000, size: 996 MB, Compressed Oops mode: 32-bit

CDS archive(s) mapped at: [0x000001bc2a000000-0x000001bc2abd0000-0x000001bc2abd0000), size 12386304, SharedBaseAddress: 0x000001bc2a000000, ArchiveRelocationMode: 1.
Compressed class space mapped at: 0x000001bc2b000000-0x000001bc6b000000, reserved size: 1073741824
Narrow klass base: 0x000001bc2a000000, Narrow klass shift: 0, Narrow klass range: 0x100000000

GC Precious Log:
 CPUs: 4 total, 4 available
 Memory: 3976M
 Large Page Support: Disabled
 NUMA Support: Disabled
 Compressed Oops: Enabled (32-bit)
 Heap Region Size: 1M
 Heap Min Capacity: 8M
 Heap Initial Capacity: 64M
 Heap Max Capacity: 996M
 Pre-touch: Disabled
 Parallel Workers: 4
 Concurrent Workers: 1
 Concurrent Refinement Workers: 4
 Periodic GC: Disabled

Heap:
 garbage-first heap   total 70656K, used 43070K [0x00000000c1c00000, 0x0000000100000000)
  region size 1024K, 11 young (11264K), 2 survivors (2048K)
 Metaspace       used 80227K, committed 80896K, reserved 1179648K
  class space    used 10247K, committed 10560K, reserved 1048576K

Heap Regions: E=young(eden), S=young(survivor), O=old, HS=humongous(starts), HC=humongous(continues), CS=collection set, F=free, OA=open archive, CA=closed archive, TAMS=top-at-mark-start (previous, next)
|   0|0x00000000c1c00000, 0x00000000c1d00000, 0x00000000c1d00000|100%|HS|  |TAMS 0x00000000c1d00000, 0x00000000c1c00000| Complete 
|   1|0x00000000c1d00000, 0x00000000c1e00000, 0x00000000c1e00000|100%|HS|  |TAMS 0x00000000c1e00000, 0x00000000c1d00000| Complete 
|   2|0x00000000c1e00000, 0x00000000c1f00000, 0x00000000c1f00000|100%| O|  |TAMS 0x00000000c1f00000, 0x00000000c1e00000| Untracked 
|   3|0x00000000c1f00000, 0x00000000c2000000, 0x00000000c2000000|100%| O|  |TAMS 0x00000000c2000000, 0x00000000c1f00000| Untracked 
|   4|0x00000000c2000000, 0x00000000c2100000, 0x00000000c2100000|100%| O|  |TAMS 0x00000000c2100000, 0x00000000c2000000| Untracked 
|   5|0x00000000c2100000, 0x00000000c2200000, 0x00000000c2200000|100%| O|  |TAMS 0x00000000c2200000, 0x00000000c2100000| Untracked 
|   6|0x00000000c2200000, 0x00000000c2300000, 0x00000000c2300000|100%| O|  |TAMS 0x00000000c2300000, 0x00000000c2200000| Complete 
|   7|0x00000000c2300000, 0x00000000c2400000, 0x00000000c2400000|100%| O|  |TAMS 0x00000000c2400000, 0x00000000c2300000| Untracked 
|   8|0x00000000c2400000, 0x00000000c2500000, 0x00000000c2500000|100%| O|  |TAMS 0x00000000c2500000, 0x00000000c2400000| Untracked 
|   9|0x00000000c2500000, 0x00000000c2600000, 0x00000000c2600000|100%| O|  |TAMS 0x00000000c2600000, 0x00000000c2500000| Untracked 
|  10|0x00000000c2600000, 0x00000000c26dce00, 0x00000000c2700000| 86%| O|  |TAMS 0x00000000c26dce00, 0x00000000c2600000| Untracked 
|  11|0x00000000c2700000, 0x00000000c2800000, 0x00000000c2800000|100%| O|  |TAMS 0x00000000c2800000, 0x00000000c2700000| Untracked 
|  12|0x00000000c2800000, 0x00000000c2900000, 0x00000000c2900000|100%| O|  |TAMS 0x00000000c2900000, 0x00000000c2800000| Untracked 
|  13|0x00000000c2900000, 0x00000000c2a00000, 0x00000000c2a00000|100%| O|  |TAMS 0x00000000c2a00000, 0x00000000c2900000| Untracked 
|  14|0x00000000c2a00000, 0x00000000c2b00000, 0x00000000c2b00000|100%| O|  |TAMS 0x00000000c2b00000, 0x00000000c2a00000| Untracked 
|  15|0x00000000c2b00000, 0x00000000c2c00000, 0x00000000c2c00000|100%| O|  |TAMS 0x00000000c2c00000, 0x00000000c2b00000| Untracked 
|  16|0x00000000c2c00000, 0x00000000c2d00000, 0x00000000c2d00000|100%| O|  |TAMS 0x00000000c2d00000, 0x00000000c2c00000| Untracked 
|  17|0x00000000c2d00000, 0x00000000c2e00000, 0x00000000c2e00000|100%| O|  |TAMS 0x00000000c2e00000, 0x00000000c2d00000| Untracked 
|  18|0x00000000c2e00000, 0x00000000c2f00000, 0x00000000c2f00000|100%| O|  |TAMS 0x00000000c2f00000, 0x00000000c2e00000| Untracked 
|  19|0x00000000c2f00000, 0x00000000c3000000, 0x00000000c3000000|100%| O|  |TAMS 0x00000000c3000000, 0x00000000c2f00000| Untracked 
|  20|0x00000000c3000000, 0x00000000c3100000, 0x00000000c3100000|100%| O|  |TAMS 0x00000000c3100000, 0x00000000c3000000| Untracked 
|  21|0x00000000c3100000, 0x00000000c3200000, 0x00000000c3200000|100%| O|  |TAMS 0x00000000c3200000, 0x00000000c3100000| Untracked 
|  22|0x00000000c3200000, 0x00000000c3300000, 0x00000000c3300000|100%| O|  |TAMS 0x00000000c3300000, 0x00000000c3200000| Untracked 
|  23|0x00000000c3300000, 0x00000000c3400000, 0x00000000c3400000|100%| O|  |TAMS 0x00000000c3400000, 0x00000000c3300000| Untracked 
|  24|0x00000000c3400000, 0x00000000c3500000, 0x00000000c3500000|100%| O|  |TAMS 0x00000000c3500000, 0x00000000c3400000| Untracked 
|  25|0x00000000c3500000, 0x00000000c3600000, 0x00000000c3600000|100%| O|  |TAMS 0x00000000c3600000, 0x00000000c3500000| Untracked 
|  26|0x00000000c3600000, 0x00000000c3700000, 0x00000000c3700000|100%| O|  |TAMS 0x00000000c3700000, 0x00000000c3600000| Untracked 
|  27|0x00000000c3700000, 0x00000000c3800000, 0x00000000c3800000|100%| O|  |TAMS 0x00000000c3800000, 0x00000000c3700000| Untracked 
|  28|0x00000000c3800000, 0x00000000c3900000, 0x00000000c3900000|100%| O|  |TAMS 0x00000000c3900000, 0x00000000c3800000| Untracked 
|  29|0x00000000c3900000, 0x00000000c3a00000, 0x00000000c3a00000|100%| O|  |TAMS 0x00000000c3a00000, 0x00000000c3900000| Untracked 
|  30|0x00000000c3a00000, 0x00000000c3b00000, 0x00000000c3b00000|100%| O|  |TAMS 0x00000000c3b00000, 0x00000000c3a00000| Untracked 
|  31|0x00000000c3b00000, 0x00000000c3c00000, 0x00000000c3c00000|100%| O|  |TAMS 0x00000000c3b89a00, 0x00000000c3b00000| Untracked 
|  32|0x00000000c3c00000, 0x00000000c3d00000, 0x00000000c3d00000|100%| O|  |TAMS 0x00000000c3c00000, 0x00000000c3c00000| Untracked 
|  33|0x00000000c3d00000, 0x00000000c3d82400, 0x00000000c3e00000| 50%| O|  |TAMS 0x00000000c3d00000, 0x00000000c3d00000| Untracked 
|  34|0x00000000c3e00000, 0x00000000c3e00000, 0x00000000c3f00000|  0%| F|  |TAMS 0x00000000c3e00000, 0x00000000c3e00000| Untracked 
|  35|0x00000000c3f00000, 0x00000000c3f00000, 0x00000000c4000000|  0%| F|  |TAMS 0x00000000c3f00000, 0x00000000c3f00000| Untracked 
|  36|0x00000000c4000000, 0x00000000c4000000, 0x00000000c4100000|  0%| F|  |TAMS 0x00000000c4000000, 0x00000000c4000000| Untracked 
|  37|0x00000000c4100000, 0x00000000c4100000, 0x00000000c4200000|  0%| F|  |TAMS 0x00000000c4100000, 0x00000000c4100000| Untracked 
|  38|0x00000000c4200000, 0x00000000c4200000, 0x00000000c4300000|  0%| F|  |TAMS 0x00000000c4200000, 0x00000000c4200000| Untracked 
|  39|0x00000000c4300000, 0x00000000c4300000, 0x00000000c4400000|  0%| F|  |TAMS 0x00000000c4300000, 0x00000000c4300000| Untracked 
|  40|0x00000000c4400000, 0x00000000c4400000, 0x00000000c4500000|  0%| F|  |TAMS 0x00000000c4400000, 0x00000000c4400000| Untracked 
|  41|0x00000000c4500000, 0x00000000c4500000, 0x00000000c4600000|  0%| F|  |TAMS 0x00000000c4500000, 0x00000000c4500000| Untracked 
|  42|0x00000000c4600000, 0x00000000c4600000, 0x00000000c4700000|  0%| F|  |TAMS 0x00000000c4600000, 0x00000000c4600000| Untracked 
|  43|0x00000000c4700000, 0x00000000c47b0730, 0x00000000c4800000| 68%| S|CS|TAMS 0x00000000c4700000, 0x00000000c4700000| Complete 
|  44|0x00000000c4800000, 0x00000000c4800000, 0x00000000c4900000|  0%| F|  |TAMS 0x00000000c4800000, 0x00000000c4800000| Untracked 
|  45|0x00000000c4900000, 0x00000000c4900000, 0x00000000c4a00000|  0%| F|  |TAMS 0x00000000c4900000, 0x00000000c4900000| Untracked 
|  46|0x00000000c4a00000, 0x00000000c4b00000, 0x00000000c4b00000|100%| S|CS|TAMS 0x00000000c4a00000, 0x00000000c4a00000| Complete 
|  47|0x00000000c4b00000, 0x00000000c4b00000, 0x00000000c4c00000|  0%| F|  |TAMS 0x00000000c4b00000, 0x00000000c4b00000| Untracked 
|  48|0x00000000c4c00000, 0x00000000c4c00000, 0x00000000c4d00000|  0%| F|  |TAMS 0x00000000c4c00000, 0x00000000c4c00000| Untracked 
|  49|0x00000000c4d00000, 0x00000000c4d00000, 0x00000000c4e00000|  0%| F|  |TAMS 0x00000000c4d00000, 0x00000000c4d00000| Untracked 
|  50|0x00000000c4e00000, 0x00000000c4e00000, 0x00000000c4f00000|  0%| F|  |TAMS 0x00000000c4e00000, 0x00000000c4e00000| Untracked 
|  51|0x00000000c4f00000, 0x00000000c4f00000, 0x00000000c5000000|  0%| F|  |TAMS 0x00000000c4f00000, 0x00000000c4f00000| Untracked 
|  52|0x00000000c5000000, 0x00000000c5000000, 0x00000000c5100000|  0%| F|  |TAMS 0x00000000c5000000, 0x00000000c5000000| Untracked 
|  53|0x00000000c5100000, 0x00000000c5100000, 0x00000000c5200000|  0%| F|  |TAMS 0x00000000c5100000, 0x00000000c5100000| Untracked 
|  54|0x00000000c5200000, 0x00000000c5200000, 0x00000000c5300000|  0%| F|  |TAMS 0x00000000c5200000, 0x00000000c5200000| Untracked 
|  55|0x00000000c5300000, 0x00000000c5300000, 0x00000000c5400000|  0%| F|  |TAMS 0x00000000c5300000, 0x00000000c5300000| Untracked 
|  56|0x00000000c5400000, 0x00000000c5400000, 0x00000000c5500000|  0%| F|  |TAMS 0x00000000c5400000, 0x00000000c5400000| Untracked 
|  57|0x00000000c5500000, 0x00000000c5500000, 0x00000000c5600000|  0%| F|  |TAMS 0x00000000c5500000, 0x00000000c5500000| Untracked 
|  58|0x00000000c5600000, 0x00000000c5600000, 0x00000000c5700000|  0%| F|  |TAMS 0x00000000c5600000, 0x00000000c5600000| Untracked 
|  59|0x00000000c5700000, 0x00000000c5700000, 0x00000000c5800000|  0%| F|  |TAMS 0x00000000c5700000, 0x00000000c5700000| Untracked 
|  60|0x00000000c5800000, 0x00000000c58a4db8, 0x00000000c5900000| 64%| E|  |TAMS 0x00000000c5800000, 0x00000000c5800000| Complete 
|  61|0x00000000c5900000, 0x00000000c59ffe48, 0x00000000c5a00000| 99%| E|  |TAMS 0x00000000c5900000, 0x00000000c5900000| Complete 
|  62|0x00000000c5a00000, 0x00000000c5b00000, 0x00000000c5b00000|100%| E|CS|TAMS 0x00000000c5a00000, 0x00000000c5a00000| Complete 
|  63|0x00000000c5b00000, 0x00000000c5c00000, 0x00000000c5c00000|100%| E|CS|TAMS 0x00000000c5b00000, 0x00000000c5b00000| Complete 
|  64|0x00000000c5c00000, 0x00000000c5d00000, 0x00000000c5d00000|100%| E|CS|TAMS 0x00000000c5c00000, 0x00000000c5c00000| Complete 
|  65|0x00000000c5d00000, 0x00000000c5e00000, 0x00000000c5e00000|100%| E|CS|TAMS 0x00000000c5d00000, 0x00000000c5d00000| Complete 
|  66|0x00000000c5e00000, 0x00000000c5f00000, 0x00000000c5f00000|100%| E|CS|TAMS 0x00000000c5e00000, 0x00000000c5e00000| Complete 
|  67|0x00000000c5f00000, 0x00000000c6000000, 0x00000000c6000000|100%| E|CS|TAMS 0x00000000c5f00000, 0x00000000c5f00000| Complete 
|  68|0x00000000c6000000, 0x00000000c6100000, 0x00000000c6100000|100%| E|CS|TAMS 0x00000000c6000000, 0x00000000c6000000| Complete 

Card table byte_map: [0x000001bc256f0000,0x000001bc258f0000] _byte_map_base: 0x000001bc250e2000

Marking Bits (Prev, Next): (CMBitMap*) 0x000001bc0ec70580, (CMBitMap*) 0x000001bc0ec70540
 Prev Bits: [0x000001bc26a80000, 0x000001bc27a10000)
 Next Bits: [0x000001bc25af0000, 0x000001bc26a80000)

Polling page: 0x000001bc0e400000

Metaspace:

Usage:
  Non-class:     68.34 MB used.
      Class:     10.01 MB used.
       Both:     78.35 MB used.

Virtual space:
  Non-class space:      128.00 MB reserved,      68.69 MB ( 54%) committed,  2 nodes.
      Class space:        1.00 GB reserved,      10.31 MB (  1%) committed,  1 nodes.
             Both:        1.12 GB reserved,      79.00 MB (  7%) committed. 

Chunk freelists:
   Non-Class:  11.23 MB
       Class:  5.58 MB
        Both:  16.81 MB

MaxMetaspaceSize: unlimited
CompressedClassSpaceSize: 1.00 GB
Initial GC threshold: 21.00 MB
Current GC threshold: 130.12 MB
CDS: on
MetaspaceReclaimPolicy: balanced
 - commit_granule_bytes: 65536.
 - commit_granule_words: 8192.
 - virtual_space_node_default_size: 8388608.
 - enlarge_chunks_in_place: 1.
 - new_chunks_are_fully_committed: 0.
 - uncommit_free_chunks: 1.
 - use_allocation_guard: 0.
 - handle_deallocations: 1.


Internal statistics:

num_allocs_failed_limit: 12.
num_arena_births: 960.
num_arena_deaths: 0.
num_vsnodes_births: 3.
num_vsnodes_deaths: 0.
num_space_committed: 1264.
num_space_uncommitted: 0.
num_chunks_returned_to_freelist: 12.
num_chunks_taken_from_freelist: 3751.
num_chunk_merges: 12.
num_chunk_splits: 2746.
num_chunks_enlarged: 2197.
num_inconsistent_stats: 0.

CodeHeap 'non-profiled nmethods': size=120000Kb used=3192Kb max_used=3192Kb free=116808Kb
 bounds [0x000001bc1dfc0000, 0x000001bc1e2e0000, 0x000001bc254f0000]
CodeHeap 'profiled nmethods': size=120000Kb used=11405Kb max_used=11405Kb free=108594Kb
 bounds [0x000001bc164f0000, 0x000001bc17020000, 0x000001bc1da20000]
CodeHeap 'non-nmethods': size=5760Kb used=1424Kb max_used=1496Kb free=4336Kb
 bounds [0x000001bc1da20000, 0x000001bc1dc90000, 0x000001bc1dfc0000]
 total_blobs=7085 nmethods=6307 adapters=690
 compilation: enabled
              stopped_count=0, restarted_count=0
 full_count=0

Compilation events (20 events):
Event: 203.222 Thread 0x000001bc29e7cc60 nmethod 7264 0x000001bc1700cc90 code [0x000001bc1700ce40, 0x000001bc1700d108]
Event: 203.222 Thread 0x000001bc29e7cc60 7265       3       java.util.concurrent.ScheduledThreadPoolExecutor$DelayedWorkQueue::add (6 bytes)
Event: 203.222 Thread 0x000001bc29e7cc60 nmethod 7265 0x000001bc1700d210 code [0x000001bc1700d3c0, 0x000001bc1700d508]
Event: 203.222 Thread 0x000001bc29e7cc60 7266   !   3       java.util.concurrent.ScheduledThreadPoolExecutor$DelayedWorkQueue::offer (123 bytes)
Event: 203.230 Thread 0x000001bc29e7cc60 nmethod 7266 0x000001bc1700d590 code [0x000001bc1700d880, 0x000001bc1700ed18]
Event: 203.285 Thread 0x000001bc29e7cc60 7267       3       java.lang.invoke.LambdaForm$Name::<init> (9 bytes)
Event: 203.286 Thread 0x000001bc29e7cc60 nmethod 7267 0x000001bc1700f590 code [0x000001bc1700f740, 0x000001bc1700f888]
Event: 203.304 Thread 0x000001bc29e7cc60 7268       3       java.lang.invoke.InvokerBytecodeGenerator::<init> (12 bytes)
Event: 203.308 Thread 0x000001bc29e7cc60 nmethod 7268 0x000001bc1700f910 code [0x000001bc1700fac0, 0x000001bc1700fc58]
Event: 203.308 Thread 0x000001bc29e7cc60 7269       3       java.lang.invoke.InvokerBytecodeGenerator::generateCustomizedCodeBytes (44 bytes)
Event: 203.312 Thread 0x000001bc29e7cc60 nmethod 7269 0x000001bc1700fd90 code [0x000001bc1700ffa0, 0x000001bc170103d8]
Event: 203.329 Thread 0x000001bc29e7cc60 7270       3       java.lang.invoke.MethodType::equals (56 bytes)
Event: 203.330 Thread 0x000001bc29e7cc60 nmethod 7270 0x000001bc17010610 code [0x000001bc17010840, 0x000001bc170113d8]
Event: 203.338 Thread 0x000001bc29e76e40 7271       4       java.lang.invoke.MethodType::makeImpl (109 bytes)
Event: 203.350 Thread 0x000001bc29e7cc60 7272       3       java.lang.invoke.LambdaFormBuffer::indexOf (25 bytes)
Event: 203.351 Thread 0x000001bc29e7cc60 nmethod 7272 0x000001bc17011590 code [0x000001bc17011740, 0x000001bc17011958]
Event: 203.356 Thread 0x000001bc29e7cc60 7274       3       java.lang.invoke.LambdaForm::arguments (47 bytes)
Event: 203.358 Thread 0x000001bc29e7cc60 nmethod 7274 0x000001bc17011a90 code [0x000001bc17011cc0, 0x000001bc17012548]
Event: 203.466 Thread 0x000001bc29e7cc60 7276       3       java.lang.invoke.InvokerBytecodeGenerator::resolveFrom (81 bytes)
Event: 203.467 Thread 0x000001bc29e7cc60 nmethod 7276 0x000001bc17012990 code [0x000001bc17012b60, 0x000001bc17012e28]

GC Heap History (20 events):
Event: 5.565 GC heap before
{Heap before GC invocations=6 (full 0):
 garbage-first heap   total 58368K, used 45161K [0x00000000c1c00000, 0x0000000100000000)
  region size 1024K, 34 young (34816K), 5 survivors (5120K)
 Metaspace       used 26355K, committed 26752K, reserved 1114112K
  class space    used 3407K, committed 3584K, reserved 1048576K
}
Event: 5.585 GC heap after
{Heap after GC invocations=7 (full 0):
 garbage-first heap   total 58368K, used 18291K [0x00000000c1c00000, 0x0000000100000000)
  region size 1024K, 5 young (5120K), 5 survivors (5120K)
 Metaspace       used 26355K, committed 26752K, reserved 1114112K
  class space    used 3407K, committed 3584K, reserved 1048576K
}
Event: 6.866 GC heap before
{Heap before GC invocations=7 (full 0):
 garbage-first heap   total 58368K, used 42867K [0x00000000c1c00000, 0x0000000100000000)
  region size 1024K, 29 young (29696K), 5 survivors (5120K)
 Metaspace       used 32453K, committed 32960K, reserved 1114112K
  class space    used 4109K, committed 4352K, reserved 1048576K
}
Event: 6.876 GC heap after
{Heap after GC invocations=8 (full 0):
 garbage-first heap   total 70656K, used 21177K [0x00000000c1c00000, 0x0000000100000000)
  region size 1024K, 3 young (3072K), 3 survivors (3072K)
 Metaspace       used 32453K, committed 32960K, reserved 1114112K
  class space    used 4109K, committed 4352K, reserved 1048576K
}
Event: 7.534 GC heap before
{Heap before GC invocations=8 (full 0):
 garbage-first heap   total 70656K, used 32441K [0x00000000c1c00000, 0x0000000100000000)
  region size 1024K, 15 young (15360K), 3 survivors (3072K)
 Metaspace       used 35523K, committed 35968K, reserved 1114112K
  class space    used 4575K, committed 4800K, reserved 1048576K
}
Event: 7.538 GC heap after
{Heap after GC invocations=9 (full 0):
 garbage-first heap   total 70656K, used 22102K [0x00000000c1c00000, 0x0000000100000000)
  region size 1024K, 1 young (1024K), 1 survivors (1024K)
 Metaspace       used 35523K, committed 35968K, reserved 1114112K
  class space    used 4575K, committed 4800K, reserved 1048576K
}
Event: 10.926 GC heap before
{Heap before GC invocations=10 (full 0):
 garbage-first heap   total 70656K, used 51798K [0x00000000c1c00000, 0x0000000100000000)
  region size 1024K, 31 young (31744K), 1 survivors (1024K)
 Metaspace       used 45147K, committed 45632K, reserved 1114112K
  class space    used 5813K, committed 6016K, reserved 1048576K
}
Event: 10.931 GC heap after
{Heap after GC invocations=11 (full 0):
 garbage-first heap   total 70656K, used 24284K [0x00000000c1c00000, 0x0000000100000000)
  region size 1024K, 3 young (3072K), 3 survivors (3072K)
 Metaspace       used 45147K, committed 45632K, reserved 1114112K
  class space    used 5813K, committed 6016K, reserved 1048576K
}
Event: 12.088 GC heap before
{Heap before GC invocations=11 (full 0):
 garbage-first heap   total 70656K, used 55004K [0x00000000c1c00000, 0x0000000100000000)
  region size 1024K, 33 young (33792K), 3 survivors (3072K)
 Metaspace       used 53710K, committed 54144K, reserved 1114112K
  class space    used 7030K, committed 7232K, reserved 1048576K
}
Event: 12.093 GC heap after
{Heap after GC invocations=12 (full 0):
 garbage-first heap   total 70656K, used 25858K [0x00000000c1c00000, 0x0000000100000000)
  region size 1024K, 4 young (4096K), 4 survivors (4096K)
 Metaspace       used 53710K, committed 54144K, reserved 1114112K
  class space    used 7030K, committed 7232K, reserved 1048576K
}
Event: 13.254 GC heap before
{Heap before GC invocations=12 (full 0):
 garbage-first heap   total 70656K, used 52482K [0x00000000c1c00000, 0x0000000100000000)
  region size 1024K, 31 young (31744K), 4 survivors (4096K)
 Metaspace       used 59870K, committed 60480K, reserved 1114112K
  class space    used 8023K, committed 8320K, reserved 1048576K
}
Event: 13.266 GC heap after
{Heap after GC invocations=13 (full 0):
 garbage-first heap   total 70656K, used 27056K [0x00000000c1c00000, 0x0000000100000000)
  region size 1024K, 3 young (3072K), 3 survivors (3072K)
 Metaspace       used 59870K, committed 60480K, reserved 1114112K
  class space    used 8023K, committed 8320K, reserved 1048576K
}
Event: 56.372 GC heap before
{Heap before GC invocations=14 (full 0):
 garbage-first heap   total 70656K, used 56752K [0x00000000c1c00000, 0x0000000100000000)
  region size 1024K, 32 young (32768K), 3 survivors (3072K)
 Metaspace       used 64628K, committed 65216K, reserved 1114112K
  class space    used 8666K, committed 8960K, reserved 1048576K
}
Event: 56.399 GC heap after
{Heap after GC invocations=15 (full 0):
 garbage-first heap   total 70656K, used 29500K [0x00000000c1c00000, 0x0000000100000000)
  region size 1024K, 4 young (4096K), 4 survivors (4096K)
 Metaspace       used 64628K, committed 65216K, reserved 1114112K
  class space    used 8666K, committed 8960K, reserved 1048576K
}
Event: 57.675 GC heap before
{Heap before GC invocations=16 (full 0):
 garbage-first heap   total 70656K, used 55100K [0x00000000c1c00000, 0x0000000100000000)
  region size 1024K, 30 young (30720K), 4 survivors (4096K)
 Metaspace       used 67957K, committed 68608K, reserved 1114112K
  class space    used 9118K, committed 9408K, reserved 1048576K
}
Event: 57.698 GC heap after
{Heap after GC invocations=17 (full 0):
 garbage-first heap   total 70656K, used 32339K [0x00000000c1c00000, 0x0000000100000000)
  region size 1024K, 3 young (3072K), 3 survivors (3072K)
 Metaspace       used 67957K, committed 68608K, reserved 1114112K
  class space    used 9118K, committed 9408K, reserved 1048576K
}
Event: 58.959 GC heap before
{Heap before GC invocations=17 (full 0):
 garbage-first heap   total 70656K, used 55891K [0x00000000c1c00000, 0x0000000100000000)
  region size 1024K, 26 young (26624K), 3 survivors (3072K)
 Metaspace       used 73687K, committed 74304K, reserved 1114112K
  class space    used 9780K, committed 10048K, reserved 1048576K
}
Event: 58.974 GC heap after
{Heap after GC invocations=18 (full 0):
 garbage-first heap   total 70656K, used 34202K [0x00000000c1c00000, 0x0000000100000000)
  region size 1024K, 2 young (2048K), 2 survivors (2048K)
 Metaspace       used 73687K, committed 74304K, reserved 1114112K
  class space    used 9780K, committed 10048K, reserved 1048576K
}
Event: 120.530 GC heap before
{Heap before GC invocations=18 (full 0):
 garbage-first heap   total 70656K, used 55706K [0x00000000c1c00000, 0x0000000100000000)
  region size 1024K, 24 young (24576K), 2 survivors (2048K)
 Metaspace       used 79249K, committed 79936K, reserved 1179648K
  class space    used 10140K, committed 10496K, reserved 1048576K
}
Event: 120.639 GC heap after
{Heap after GC invocations=19 (full 0):
 garbage-first heap   total 70656K, used 35902K [0x00000000c1c00000, 0x0000000100000000)
  region size 1024K, 2 young (2048K), 2 survivors (2048K)
 Metaspace       used 79249K, committed 79936K, reserved 1179648K
  class space    used 10140K, committed 10496K, reserved 1048576K
}

Deoptimization events (20 events):
Event: 59.794 Thread 0x000001bc73579150 Uncommon trap: trap_request=0xffffff45 fr.pc=0x000001bc1dff8444 relative=0x0000000000000684
Event: 59.794 Thread 0x000001bc73579150 Uncommon trap: reason=unstable_if action=reinterpret pc=0x000001bc1dff8444 method=java.lang.AbstractStringBuilder.append(Ljava/lang/String;)Ljava/lang/AbstractStringBuilder; @ 1 c2
Event: 59.794 Thread 0x000001bc73579150 DEOPT PACKING pc=0x000001bc1dff8444 sp=0x000000847e7fe250
Event: 59.794 Thread 0x000001bc73579150 DEOPT UNPACKING pc=0x000001bc1da723a3 sp=0x000000847e7fe238 mode 2
Event: 200.525 Thread 0x000001bc7028fdb0 Uncommon trap: trap_request=0xffffffde fr.pc=0x000001bc1e0c57f0 relative=0x00000000000015b0
Event: 200.530 Thread 0x000001bc7028fdb0 Uncommon trap: reason=class_check action=maybe_recompile pc=0x000001bc1e0c57f0 method=java.util.concurrent.ConcurrentHashMap.putVal(Ljava/lang/Object;Ljava/lang/Object;Z)Ljava/lang/Object; @ 242 c2
Event: 200.530 Thread 0x000001bc7028fdb0 DEOPT PACKING pc=0x000001bc1e0c57f0 sp=0x000000847defdfc0
Event: 200.553 Thread 0x000001bc7028fdb0 DEOPT UNPACKING pc=0x000001bc1da723a3 sp=0x000000847defdf40 mode 2
Event: 200.555 Thread 0x000001bc7028fdb0 Uncommon trap: trap_request=0xffffff45 fr.pc=0x000001bc1e20d064 relative=0x0000000000000244
Event: 200.555 Thread 0x000001bc7028fdb0 Uncommon trap: reason=unstable_if action=reinterpret pc=0x000001bc1e20d064 method=java.lang.invoke.MethodType.equals(Ljava/lang/Object;)Z @ 11 c2
Event: 200.555 Thread 0x000001bc7028fdb0 DEOPT PACKING pc=0x000001bc1e20d064 sp=0x000000847defde90
Event: 200.557 Thread 0x000001bc7028fdb0 DEOPT UNPACKING pc=0x000001bc1da723a3 sp=0x000000847defde58 mode 2
Event: 200.557 Thread 0x000001bc7028fdb0 Uncommon trap: trap_request=0xffffff54 fr.pc=0x000001bc1e1ec91c relative=0x0000000000004f5c
Event: 200.559 Thread 0x000001bc7028fdb0 Uncommon trap: reason=speculate_null_assert action=make_not_entrant pc=0x000001bc1e1ec91c method=java.lang.invoke.MethodType$ConcurrentWeakInternSet.add(Ljava/lang/Object;)Ljava/lang/Object; @ 47 c2
Event: 200.559 Thread 0x000001bc7028fdb0 DEOPT PACKING pc=0x000001bc1e1ec91c sp=0x000000847defe080
Event: 200.559 Thread 0x000001bc7028fdb0 DEOPT UNPACKING pc=0x000001bc1da723a3 sp=0x000000847defe018 mode 2
Event: 203.316 Thread 0x000001bc7028fdb0 Uncommon trap: trap_request=0xffffff45 fr.pc=0x000001bc1e179664 relative=0x0000000000000064
Event: 203.316 Thread 0x000001bc7028fdb0 Uncommon trap: reason=unstable_if action=reinterpret pc=0x000001bc1e179664 method=java.util.ArrayList.clear()V @ 29 c2
Event: 203.316 Thread 0x000001bc7028fdb0 DEOPT PACKING pc=0x000001bc1e179664 sp=0x000000847defd6b0
Event: 203.317 Thread 0x000001bc7028fdb0 DEOPT UNPACKING pc=0x000001bc1da723a3 sp=0x000000847defd628 mode 2

Classes unloaded (0 events):
No events

Classes redefined (0 events):
No events

Internal exceptions (20 events):
Event: 186.699 Thread 0x000001bc73579150 Exception <a 'java/net/ConnectException'{0x00000000c5c767a0}: Connection refused: no further information> (0x00000000c5c767a0) 
thrown [s\open\src\hotspot\share\prims\jni.cpp, line 535]
Event: 187.674 Thread 0x000001bc73579150 Exception <a 'java/net/ConnectException'{0x00000000c5c85498}: Connection refused: no further information> (0x00000000c5c85498) 
thrown [s\open\src\hotspot\share\prims\jni.cpp, line 535]
Event: 188.682 Thread 0x000001bc73579150 Exception <a 'java/net/ConnectException'{0x00000000c5c94b78}: Connection refused: no further information> (0x00000000c5c94b78) 
thrown [s\open\src\hotspot\share\prims\jni.cpp, line 535]
Event: 189.684 Thread 0x000001bc73579150 Exception <a 'java/net/ConnectException'{0x00000000c5ca54b8}: Connection refused: no further information> (0x00000000c5ca54b8) 
thrown [s\open\src\hotspot\share\prims\jni.cpp, line 535]
Event: 190.700 Thread 0x000001bc73579150 Exception <a 'java/net/ConnectException'{0x00000000c5cb4198}: Connection refused: no further information> (0x00000000c5cb4198) 
thrown [s\open\src\hotspot\share\prims\jni.cpp, line 535]
Event: 191.651 Thread 0x000001bc73579150 Exception <a 'java/net/ConnectException'{0x00000000c5cc1b40}: Connection refused: no further information> (0x00000000c5cc1b40) 
thrown [s\open\src\hotspot\share\prims\jni.cpp, line 535]
Event: 192.580 Thread 0x000001bc73579150 Exception <a 'java/net/ConnectException'{0x00000000c5cd0070}: Connection refused: no further information> (0x00000000c5cd0070) 
thrown [s\open\src\hotspot\share\prims\jni.cpp, line 535]
Event: 193.453 Thread 0x000001bc73579150 Exception <a 'java/net/ConnectException'{0x00000000c5cdf010}: Connection refused: no further information> (0x00000000c5cdf010) 
thrown [s\open\src\hotspot\share\prims\jni.cpp, line 535]
Event: 194.488 Thread 0x000001bc73579150 Exception <a 'java/net/ConnectException'{0x00000000c5cef7e8}: Connection refused: no further information> (0x00000000c5cef7e8) 
thrown [s\open\src\hotspot\share\prims\jni.cpp, line 535]
Event: 195.433 Thread 0x000001bc73579150 Exception <a 'java/net/ConnectException'{0x00000000c5cfdfe0}: Connection refused: no further information> (0x00000000c5cfdfe0) 
thrown [s\open\src\hotspot\share\prims\jni.cpp, line 535]
Event: 196.309 Thread 0x000001bc73579150 Exception <a 'java/net/ConnectException'{0x00000000c5b0cbb0}: Connection refused: no further information> (0x00000000c5b0cbb0) 
thrown [s\open\src\hotspot\share\prims\jni.cpp, line 535]
Event: 197.184 Thread 0x000001bc73579150 Exception <a 'java/net/ConnectException'{0x00000000c5b1aaa8}: Connection refused: no further information> (0x00000000c5b1aaa8) 
thrown [s\open\src\hotspot\share\prims\jni.cpp, line 535]
Event: 198.053 Thread 0x000001bc73579150 Exception <a 'java/net/ConnectException'{0x00000000c5b27e98}: Connection refused: no further information> (0x00000000c5b27e98) 
thrown [s\open\src\hotspot\share\prims\jni.cpp, line 535]
Event: 198.908 Thread 0x000001bc73579150 Exception <a 'java/net/ConnectException'{0x00000000c5b35638}: Connection refused: no further information> (0x00000000c5b35638) 
thrown [s\open\src\hotspot\share\prims\jni.cpp, line 535]
Event: 199.922 Thread 0x000001bc73579150 Exception <a 'java/net/ConnectException'{0x00000000c5b467a8}: Connection refused: no further information> (0x00000000c5b467a8) 
thrown [s\open\src\hotspot\share\prims\jni.cpp, line 535]
Event: 200.322 Thread 0x000001bc7357bee0 Exception <a 'java/lang/NoSuchMethodError'{0x00000000c5b8f1a0}: 'java.lang.Object java.lang.invoke.DirectMethodHandle$Holder.invokeStaticInit(java.lang.Object, java.lang.Object, java.lang.Object, int, int)'> (0x00000000c5b8f1a0) 
thrown [s\open\src\hotspot\share\interpreter\linkResolver.cpp, line 759]
Event: 200.918 Thread 0x000001bc73579150 Exception <a 'java/net/ConnectException'{0x00000000c5b554a0}: Connection refused: no further information> (0x00000000c5b554a0) 
thrown [s\open\src\hotspot\share\prims\jni.cpp, line 535]
Event: 201.932 Thread 0x000001bc73579150 Exception <a 'java/net/ConnectException'{0x00000000c5a73a98}: Connection refused: no further information> (0x00000000c5a73a98) 
thrown [s\open\src\hotspot\share\prims\jni.cpp, line 535]
Event: 203.457 Thread 0x000001bc7028fdb0 Exception <a 'java/lang/NoSuchMethodError'{0x00000000c5943488}: 'java.lang.Object java.lang.invoke.DirectMethodHandle$Holder.invokeSpecial(java.lang.Object, java.lang.Object, java.lang.Object, java.lang.Object, java.lang.Object, long)'> (0x00000000c5943488) 
thrown [s\open\src\hotspot\share\interpreter\linkResolver.cpp, line 759]
Event: 203.467 Thread 0x000001bc7028fdb0 Exception <a 'java/lang/NoSuchMethodError'{0x00000000c59470c0}: 'java.lang.Object java.lang.invoke.Invokers$Holder.linkToTargetMethod(java.lang.Object, java.lang.Object, java.lang.Object, long, java.lang.Object)'> (0x00000000c59470c0) 
thrown [s\open\src\hotspot\share\interpreter\linkResolver.cpp, line 759]

VM Operations (20 events):
Event: 167.522 Executing VM operation: Cleanup
Event: 167.522 Executing VM operation: Cleanup done
Event: 169.539 Executing VM operation: Cleanup
Event: 169.539 Executing VM operation: Cleanup done
Event: 178.610 Executing VM operation: Cleanup
Event: 178.610 Executing VM operation: Cleanup done
Event: 179.614 Executing VM operation: Cleanup
Event: 179.614 Executing VM operation: Cleanup done
Event: 184.645 Executing VM operation: Cleanup
Event: 184.646 Executing VM operation: Cleanup done
Event: 192.701 Executing VM operation: Cleanup
Event: 192.701 Executing VM operation: Cleanup done
Event: 194.705 Executing VM operation: Cleanup
Event: 194.705 Executing VM operation: Cleanup done
Event: 200.768 Executing VM operation: Cleanup
Event: 200.771 Executing VM operation: Cleanup done
Event: 201.771 Executing VM operation: Cleanup
Event: 201.782 Executing VM operation: Cleanup done
Event: 202.785 Executing VM operation: Cleanup
Event: 202.830 Executing VM operation: Cleanup done

Events (20 events):
Event: 63.897 loading class java/util/concurrent/ConcurrentLinkedQueue$CLQSpliterator
Event: 63.898 loading class java/util/concurrent/ConcurrentLinkedQueue$CLQSpliterator done
Event: 199.971 loading class java/nio/BufferOverflowException
Event: 199.996 loading class java/nio/BufferOverflowException done
Event: 200.111 loading class java/nio/channels/ClosedChannelException
Event: 200.115 loading class java/nio/channels/ClosedChannelException done
Event: 200.131 loading class java/nio/channels/ReadPendingException
Event: 200.137 loading class java/nio/channels/ReadPendingException done
Event: 200.138 loading class java/nio/channels/WritePendingException
Event: 200.142 loading class java/nio/channels/WritePendingException done
Event: 200.385 loading class java/util/concurrent/LinkedBlockingDeque
Event: 200.446 loading class java/util/concurrent/BlockingDeque
Event: 200.466 loading class java/util/concurrent/BlockingDeque done
Event: 200.467 loading class java/util/concurrent/LinkedBlockingDeque done
Event: 200.468 loading class java/util/concurrent/Semaphore
Event: 200.482 loading class java/util/concurrent/Semaphore done
Event: 200.483 loading class java/util/concurrent/Semaphore$NonfairSync
Event: 200.484 loading class java/util/concurrent/Semaphore$Sync
Event: 200.487 loading class java/util/concurrent/Semaphore$Sync done
Event: 200.487 loading class java/util/concurrent/Semaphore$NonfairSync done


Dynamic libraries:
0x00007ff6bb020000 - 0x00007ff6bb030000 	C:\Program Files\Java\jdk-17\bin\java.exe
0x00007ffcfa930000 - 0x00007ffcfab28000 	C:\Windows\SYSTEM32\ntdll.dll
0x00007ffcfa190000 - 0x00007ffcfa252000 	C:\Windows\System32\KERNEL32.DLL
0x00007ffcf83f0000 - 0x00007ffcf86e6000 	C:\Windows\System32\KERNELBASE.dll
0x00007ffcf8040000 - 0x00007ffcf8140000 	C:\Windows\System32\ucrtbase.dll
0x00007ffcf3170000 - 0x00007ffcf3189000 	C:\Program Files\Java\jdk-17\bin\jli.dll
0x00007ffcfa3b0000 - 0x00007ffcfa461000 	C:\Windows\System32\ADVAPI32.dll
0x00007ffcfa470000 - 0x00007ffcfa50e000 	C:\Windows\System32\msvcrt.dll
0x00007ffcf9ac0000 - 0x00007ffcf9b5f000 	C:\Windows\System32\sechost.dll
0x00007ffceffe0000 - 0x00007ffcefffb000 	C:\Program Files\Java\jdk-17\bin\VCRUNTIME140.dll
0x00007ffcf8950000 - 0x00007ffcf8a73000 	C:\Windows\System32\RPCRT4.dll
0x00007ffcf86f0000 - 0x00007ffcf8717000 	C:\Windows\System32\bcrypt.dll
0x00007ffcf9b60000 - 0x00007ffcf9cfd000 	C:\Windows\System32\USER32.dll
0x00007ffcf8720000 - 0x00007ffcf8742000 	C:\Windows\System32\win32u.dll
0x00007ffcfa260000 - 0x00007ffcfa28b000 	C:\Windows\System32\GDI32.dll
0x00007ffcf8750000 - 0x00007ffcf8869000 	C:\Windows\System32\gdi32full.dll
0x00007ffcf8140000 - 0x00007ffcf81dd000 	C:\Windows\System32\msvcp_win.dll
0x00007ffcf2e60000 - 0x00007ffcf2e6a000 	C:\Windows\SYSTEM32\VERSION.dll
0x00007ffcdfd90000 - 0x00007ffce002a000 	C:\Windows\WinSxS\amd64_microsoft.windows.common-controls_6595b64144ccf1df_6.0.19041.5915_none_60b4b9d171f9c7c7\COMCTL32.dll
0x00007ffcf8cb0000 - 0x00007ffcf8cdf000 	C:\Windows\System32\IMM32.DLL
0x00007ffcf3410000 - 0x00007ffcf341c000 	C:\Program Files\Java\jdk-17\bin\vcruntime140_1.dll
0x00007ffccc4a0000 - 0x00007ffccc52e000 	C:\Program Files\Java\jdk-17\bin\msvcp140.dll
0x00007ffc9ba90000 - 0x00007ffc9c670000 	C:\Program Files\Java\jdk-17\bin\server\jvm.dll
0x00007ffcfa510000 - 0x00007ffcfa518000 	C:\Windows\System32\PSAPI.DLL
0x00007ffce2140000 - 0x00007ffce2149000 	C:\Windows\SYSTEM32\WSOCK32.dll
0x00007ffcf98c0000 - 0x00007ffcf992b000 	C:\Windows\System32\WS2_32.dll
0x00007ffcd0040000 - 0x00007ffcd0067000 	C:\Windows\SYSTEM32\WINMM.dll
0x00007ffcf5e40000 - 0x00007ffcf5e52000 	C:\Windows\SYSTEM32\kernel.appcore.dll
0x00007ffcf3250000 - 0x00007ffcf325a000 	C:\Program Files\Java\jdk-17\bin\jimage.dll
0x00007ffcda7b0000 - 0x00007ffcda9b1000 	C:\Windows\SYSTEM32\DBGHELP.DLL
0x00007ffcc9f90000 - 0x00007ffcc9fc4000 	C:\Windows\SYSTEM32\dbgcore.DLL
0x00007ffcf88c0000 - 0x00007ffcf8942000 	C:\Windows\System32\bcryptPrimitives.dll
0x00007ffcf2c20000 - 0x00007ffcf2c2e000 	C:\Program Files\Java\jdk-17\bin\instrument.dll
0x00007ffce74b0000 - 0x00007ffce74d5000 	C:\Program Files\Java\jdk-17\bin\java.dll
0x00007ffcb1c40000 - 0x00007ffcb1d17000 	C:\Program Files\Java\jdk-17\bin\jsvml.dll
0x00007ffcf9150000 - 0x00007ffcf98be000 	C:\Windows\System32\SHELL32.dll
0x00007ffcf6040000 - 0x00007ffcf67e4000 	C:\Windows\SYSTEM32\windows.storage.dll
0x00007ffcf9d00000 - 0x00007ffcfa053000 	C:\Windows\System32\combase.dll
0x00007ffcf7980000 - 0x00007ffcf79ab000 	C:\Windows\SYSTEM32\Wldp.dll
0x00007ffcf9930000 - 0x00007ffcf99fd000 	C:\Windows\System32\OLEAUT32.dll
0x00007ffcf9a00000 - 0x00007ffcf9aad000 	C:\Windows\System32\SHCORE.dll
0x00007ffcf8b70000 - 0x00007ffcf8bcb000 	C:\Windows\System32\shlwapi.dll
0x00007ffcf7ef0000 - 0x00007ffcf7f15000 	C:\Windows\SYSTEM32\profapi.dll
0x00007ffce7390000 - 0x00007ffce73a8000 	C:\Program Files\Java\jdk-17\bin\zip.dll
0x00007ffcefe70000 - 0x00007ffcefe89000 	C:\Program Files\Java\jdk-17\bin\net.dll
0x00007ffcf1c80000 - 0x00007ffcf1d8a000 	C:\Windows\SYSTEM32\WINHTTP.dll
0x00007ffcf7680000 - 0x00007ffcf76ea000 	C:\Windows\system32\mswsock.dll
0x00007ffce9110000 - 0x00007ffce9126000 	C:\Program Files\Java\jdk-17\bin\nio.dll
0x00007ffce7370000 - 0x00007ffce738a000 	C:\Users\driss\AppData\Local\JetBrains\IntelliJ IDEA Community Edition 2022.1.2\bin\breakgen64.dll
0x00007ffcefd90000 - 0x00007ffcefd9e000 	C:\Program Files\Java\jdk-17\bin\sunmscapi.dll
0x00007ffcf81e0000 - 0x00007ffcf833d000 	C:\Windows\System32\CRYPT32.dll
0x00007ffcf79f0000 - 0x00007ffcf7a17000 	C:\Windows\SYSTEM32\ncrypt.dll
0x00007ffcf79b0000 - 0x00007ffcf79eb000 	C:\Windows\SYSTEM32\NTASN1.dll
0x00007ffcf7880000 - 0x00007ffcf7898000 	C:\Windows\SYSTEM32\CRYPTSP.dll
0x00007ffcf6fa0000 - 0x00007ffcf6fd8000 	C:\Windows\system32\rsaenh.dll
0x00007ffcf7eb0000 - 0x00007ffcf7ede000 	C:\Windows\SYSTEM32\USERENV.dll
0x00007ffcf7870000 - 0x00007ffcf787c000 	C:\Windows\SYSTEM32\CRYPTBASE.dll
0x00007ffcf7360000 - 0x00007ffcf739b000 	C:\Windows\SYSTEM32\IPHLPAPI.DLL
0x00007ffcfa520000 - 0x00007ffcfa528000 	C:\Windows\System32\NSI.dll
0x00007ffcf25f0000 - 0x00007ffcf2607000 	C:\Windows\SYSTEM32\dhcpcsvc6.DLL
0x00007ffcf25d0000 - 0x00007ffcf25ed000 	C:\Windows\SYSTEM32\dhcpcsvc.DLL
0x00007ffcf73a0000 - 0x00007ffcf746a000 	C:\Windows\SYSTEM32\DNSAPI.dll
0x00007ffcf0ab0000 - 0x00007ffcf0aba000 	C:\Program Files\Java\jdk-17\bin\management.dll
0x00007ffcf0080000 - 0x00007ffcf008b000 	C:\Program Files\Java\jdk-17\bin\management_ext.dll
0x00007ffce8610000 - 0x00007ffce861a000 	C:\Windows\System32\rasadhlp.dll
0x00007ffcf1870000 - 0x00007ffcf18f0000 	C:\Windows\System32\fwpuclnt.dll
0x00007ffc9ce50000 - 0x00007ffc9ce67000 	C:\Windows\system32\napinsp.dll
0x00007ffc72c70000 - 0x00007ffc72c8b000 	C:\Windows\system32\pnrpnsp.dll
0x00007ffcc38e0000 - 0x00007ffcc38fd000 	C:\Windows\system32\wshbth.dll
0x00007ffcf3150000 - 0x00007ffcf316d000 	C:\Windows\system32\NLAapi.dll
0x00007ffc72c50000 - 0x00007ffc72c62000 	C:\Windows\System32\winrnr.dll
0x00007ffce8320000 - 0x00007ffce8327000 	C:\Windows\system32\wshunix.dll

dbghelp: loaded successfully - version: 4.0.5 - missing functions: none
symbol engine: initialized successfully - sym options: 0x614 - pdb path: .;C:\Program Files\Java\jdk-17\bin;C:\Windows\SYSTEM32;C:\Windows\WinSxS\amd64_microsoft.windows.common-controls_6595b64144ccf1df_6.0.19041.5915_none_60b4b9d171f9c7c7;C:\Program Files\Java\jdk-17\bin\server;C:\Users\driss\AppData\Local\JetBrains\IntelliJ IDEA Community Edition 2022.1.2\bin

VM Arguments:
jvm_args: -javaagent:C:\Users\driss\AppData\Local\JetBrains\IntelliJ IDEA Community Edition 2022.1.2\lib\idea_rt.jar=56633:C:\Users\driss\AppData\Local\JetBrains\IntelliJ IDEA Community Edition 2022.1.2\bin -Dfile.encoding=UTF-8 
java_command: com.cap.renault.RenaultApplication
java_class_path (initial): C:\Users\driss\OneDrive\Documents\GitHub\renault-garage-microservice\target\classes;C:\Users\driss\.m2\repository\org\springframework\boot\spring-boot-starter-data-jpa\3.5.7\spring-boot-starter-data-jpa-3.5.7.jar;C:\Users\driss\.m2\repository\org\springframework\boot\spring-boot-starter\3.5.7\spring-boot-starter-3.5.7.jar;C:\Users\driss\.m2\repository\org\springframework\boot\spring-boot\3.5.7\spring-boot-3.5.7.jar;C:\Users\driss\.m2\repository\org\springframework\boot\spring-boot-autoconfigure\3.5.7\spring-boot-autoconfigure-3.5.7.jar;C:\Users\driss\.m2\repository\org\springframework\boot\spring-boot-starter-logging\3.5.7\spring-boot-starter-logging-3.5.7.jar;C:\Users\driss\.m2\repository\ch\qos\logback\logback-classic\1.5.20\logback-classic-1.5.20.jar;C:\Users\driss\.m2\repository\ch\qos\logback\logback-core\1.5.20\logback-core-1.5.20.jar;C:\Users\driss\.m2\repository\org\apache\logging\log4j\log4j-to-slf4j\2.24.3\log4j-to-slf4j-2.24.3.jar;C:\Users\driss\.m2\repository\org\apache\logging\log4j\log4j-api\2.24.3\log4j-api-2.24.3.jar;C:\Users\driss\.m2\repository\org\slf4j\jul-to-slf4j\2.0.17\jul-to-slf4j-2.0.17.jar;C:\Users\driss\.m2\repository\jakarta\annotation\jakarta.annotation-api\2.1.1\jakarta.annotation-api-2.1.1.jar;C:\Users\driss\.m2\repository\org\yaml\snakeyaml\2.4\snakeyaml-2.4.jar;C:\Users\driss\.m2\repository\org\springframework\boot\spring-boot-starter-jdbc\3.5.7\spring-boot-starter-jdbc-3.5.7.jar;C:\Users\driss\.m2\repository\com\zaxxer\HikariCP\6.3.3\HikariCP-6.3.3.jar;C:\Users\driss\.m2\repository\org\springframework\spring-jdbc\6.2.12\spring-jdbc-6.2.12.jar;C:\Users\driss\.m2\repository\org\hibernate\orm\hibernate-core\6.6.33.Final\hibernate-core-6.6.33.Final.jar;C:\Users\driss\.m2\repository\jakarta\persistence\jakarta.persistence-api\3.1.0\jakarta.persistence-api-3.1.0.jar;C:\Users\driss\.m2\repository\jakarta\transaction\jakarta.transaction-api\2.0.1\jakarta.transaction-api-2.0.1.jar;C:\Users\driss\.m2\repository\or
Launcher Type: SUN_STANDARD

[Global flags]
     intx CICompilerCount                          = 3                                         {product} {ergonomic}
     uint ConcGCThreads                            = 1                                         {product} {ergonomic}
     uint G1ConcRefinementThreads                  = 4                                         {product} {ergonomic}
   size_t G1HeapRegionSize                         = 1048576                                   {product} {ergonomic}
    uintx GCDrainStackTargetSize                   = 64                                        {product} {ergonomic}
   size_t InitialHeapSize                          = 67108864                                  {product} {ergonomic}
   size_t MarkStackSize                            = 4194304                                   {product} {ergonomic}
   size_t MaxHeapSize                              = 1044381696                                {product} {ergonomic}
   size_t MaxNewSize                               = 625999872                                 {product} {ergonomic}
   size_t MinHeapDeltaBytes                        = 1048576                                   {product} {ergonomic}
   size_t MinHeapSize                              = 8388608                                   {product} {ergonomic}
    uintx NonNMethodCodeHeapSize                   = 5832780                                {pd product} {ergonomic}
    uintx NonProfiledCodeHeapSize                  = 122912730                              {pd product} {ergonomic}
    uintx ProfiledCodeHeapSize                     = 122912730                              {pd product} {ergonomic}
    uintx ReservedCodeCacheSize                    = 251658240                              {pd product} {ergonomic}
     bool SegmentedCodeCache                       = true                                      {product} {ergonomic}
   size_t SoftMaxHeapSize                          = 1044381696                             {manageable} {ergonomic}
     bool UseCompressedClassPointers               = true                           {product lp64_product} {ergonomic}
     bool UseCompressedOops                        = true                           {product lp64_product} {ergonomic}
     bool UseG1GC                                  = true                                      {product} {ergonomic}
     bool UseLargePagesIndividualAllocation        = false                                  {pd product} {ergonomic}

Logging:
Log output configuration:
 #0: stdout all=warning uptime,level,tags
 #1: stderr all=off uptime,level,tags

Environment Variables:
JAVA_HOME=C:\Program Files\Java\jdk-17
PATH=C:\Windows\system32;C:\Windows;C:\Windows\System32\Wbem;C:\Windows\System32\WindowsPowerShell\v1.0\;C:\Windows\System32\OpenSSH\;C:\Program Files\Microsoft SQL Server\Client SDK\ODBC\170\Tools\Binn\;C:\Program Files (x86)\Microsoft SQL Server\150\Tools\Binn\;C:\Program Files\Microsoft SQL Server\150\Tools\Binn\;C:\Program Files\Microsoft SQL Server\150\DTS\Binn\;C:\Program Files (x86)\Microsoft SQL Server\150\DTS\Binn\;C:\Program Files\Azure Data Studio\bin;C:\Program Files\Git\cmd;C:\Program Files\PostgreSQL\17\bin;C:\Program Files\Docker\Docker\resources\bin;C:\Users\driss\AppData\Local\nvm;C:\nvm4w\nodejs;C:\Program Files\Java\jdk-17\bin;C:\Program Files\apache-maven-3.9.11\bin;C:\Users\driss\anaconda3;C:\Users\driss\anaconda3\Library\mingw-w64\bin;C:\Users\driss\anaconda3\Library\usr\bin;C:\Users\driss\anaconda3\Library\bin;C:\Users\driss\anaconda3\Scripts;C:\Users\driss\AppData\Local\Microsoft\WindowsApps;C:\Users\driss\AppData\Local\Programs\Microsoft VS Code\bin;C:\Program Files\Azure Data Studio\bin;C:\Users\driss\AppData\Roaming\npm;C:\Users\driss\AppData\Local\GitHubDesktop\bin;C:\Users\driss\AppData\Local\nvm;C:\nvm4w\nodejs;C:\Program Files\Java\jdk-17\bin;C:\Program Files\apache-maven-3.9.11\bin;
USERNAME=Drissi
OS=Windows_NT
PROCESSOR_IDENTIFIER=Intel64 Family 6 Model 78 Stepping 3, GenuineIntel



---------------  S Y S T E M  ---------------

OS:
 Windows 10 , 64 bit Build 19041 (10.0.19041.5915)
OS uptime: 96 days 0:55 hours

CPU: total 4 (initial active 4) (2 cores per cpu, 2 threads per core) family 6 model 78 stepping 3 microcode 0xcc, cx8, cmov, fxsr, ht, mmx, 3dnowpref, sse, sse2, sse3, ssse3, sse4.1, sse4.2, popcnt, lzcnt, tsc, tscinvbit, avx, avx2, aes, erms, clmul, bmi1, bmi2, rtm, adx, fma, vzeroupper, clflush, clflushopt

Memory: 4k page, system-wide physical 3976M (43M free)
TotalPageFile size 16264M (AvailPageFile size 19M)
current process WorkingSet (physical memory assigned to process): 85M, peak: 216M
current process commit charge ("private bytes"): 276M, peak: 302M

vm_info: Java HotSpot(TM) 64-Bit Server VM (17.0.12+8-LTS-286) for windows-amd64 JRE (17.0.12+8-LTS-286), built on Jun  5 2024 06:46:59 by "mach5one" with MS VC++ 17.6 (VS2022)

END.
