#
# There is insufficient memory for the Java Runtime Environment to continue.
# Native memory allocation (malloc) failed to allocate 1084336 bytes for Chunk::new
# Possible reasons:
#   The system is out of physical RAM or swap space
#   The process is running with CompressedOops enabled, and the Java Heap may be blocking the growth of the native heap
# Possible solutions:
#   Reduce memory load on the system
#   Increase physical memory or swap space
#   Check if swap backing store is full
#   Decrease Java heap size (-Xmx/-Xms)
#   Decrease number of Java threads
#   Decrease Java thread stack sizes (-Xss)
#   Set larger code cache with -XX:ReservedCodeCacheSize=
#   JVM is running with Unscaled Compressed Oops mode in which the Java heap is
#     placed in the first 4GB address space. The Java Heap base address is the
#     maximum limit for the native heap growth. Please use -XX:HeapBaseMinAddress
#     to set the Java Heap base and to place the Java Heap above 4GB virtual address.
# This output file may be truncated or incomplete.
#
#  Out of Memory Error (arena.cpp:189), pid=14664, tid=3888
#
# JRE version: Java(TM) SE Runtime Environment (17.0.12+8) (build 17.0.12+8-LTS-286)
# Java VM: Java HotSpot(TM) 64-Bit Server VM (17.0.12+8-LTS-286, mixed mode, sharing, tiered, compressed oops, compressed class ptrs, g1 gc, windows-amd64)
# No core dump will be written. Minidumps are not enabled by default on client versions of Windows
#

---------------  S U M M A R Y ------------

Command Line: -javaagent:C:\Users\driss\AppData\Local\JetBrains\IntelliJ IDEA Community Edition 2022.1.2\lib\idea_rt.jar=55189:C:\Users\driss\AppData\Local\JetBrains\IntelliJ IDEA Community Edition 2022.1.2\bin -Dfile.encoding=UTF-8 com.cap.renault.RenaultApplication

Host: Intel(R) Core(TM) i5-6300U CPU @ 2.40GHz, 4 cores, 3G,  Windows 10 , 64 bit Build 19041 (10.0.19041.5915)
Time: Sat Nov  1 18:23:17 2025 Maroc (heure d64 bit Build 19041 (10.0.19041.5915) elapsed time: 768.285589 seconds (0d 0h 12m 48s)

---------------  T H R E A D  ---------------

Current thread (0x00000236135a6270):  JavaThread "C2 CompilerThread0" daemon [_thread_in_native, id=3888, stack(0x00000077c8100000,0x00000077c8200000)]


Current CompileTask:
C2: 768286 7998       4       java.lang.String::format (16 bytes)

Stack: [0x00000077c8100000,0x00000077c8200000]
Native frames: (J=compiled Java code, j=interpreted, Vv=VM code, C=native code)
V  [jvm.dll+0x67a04a]
V  [jvm.dll+0x7da4ed]
V  [jvm.dll+0x7dbe33]
V  [jvm.dll+0x7dc4a3]
V  [jvm.dll+0x24508f]
V  [jvm.dll+0xab773]
V  [jvm.dll+0xabd3c]
V  [jvm.dll+0x361b9f]
V  [jvm.dll+0x32c431]
V  [jvm.dll+0x32b8ca]
V  [jvm.dll+0x21683f]
V  [jvm.dll+0x215c6f]
V  [jvm.dll+0x1a2960]
V  [jvm.dll+0x22610b]
V  [jvm.dll+0x2242ab]
V  [jvm.dll+0x79075c]
V  [jvm.dll+0x78abea]
V  [jvm.dll+0x678f35]
C  [ucrtbase.dll+0x21bb2]
C  [KERNEL32.DLL+0x17374]
C  [ntdll.dll+0x4cc91]


---------------  P R O C E S S  ---------------

Threads class SMR info:
_java_thread_list=0x000002365d2c45c0, length=35, elements={
0x00000236764c1570, 0x00000236764c2300, 0x00000236135a2af0, 0x00000236135a34c0,
0x00000236135a3d90, 0x00000236135a4660, 0x00000236135a6270, 0x00000236135b0ba0,
0x00000236135ce990, 0x00000236137e08d0, 0x0000023613b5e9b0, 0x00000236139bf720,
0x00000236594d1840, 0x00000236594d0400, 0x00000236594ce5a0, 0x00000236594d1330,
0x00000236594cfef0, 0x00000236594cf9e0, 0x00000236594d0910, 0x00000236594d0e20,
0x00000236594d1d50, 0x00000236594ceab0, 0x00000236594cefc0, 0x00000236594cf4d0,
0x000002365946adf0, 0x000002365946a8e0, 0x000002365946e5a0, 0x000002365946b300,
0x0000023659469ec0, 0x0000023659468f90, 0x000002365946d160, 0x000002365946b810,
0x00000236594694a0, 0x000002365946eab0, 0x000002365946cc50
}

Java Threads: ( => current thread )
  0x00000236764c1570 JavaThread "Reference Handler" daemon [_thread_blocked, id=1872, stack(0x00000077c7b00000,0x00000077c7c00000)]
  0x00000236764c2300 JavaThread "Finalizer" daemon [_thread_blocked, id=20356, stack(0x00000077c7c00000,0x00000077c7d00000)]
  0x00000236135a2af0 JavaThread "Signal Dispatcher" daemon [_thread_blocked, id=17460, stack(0x00000077c7d00000,0x00000077c7e00000)]
  0x00000236135a34c0 JavaThread "Attach Listener" daemon [_thread_blocked, id=1180, stack(0x00000077c7e00000,0x00000077c7f00000)]
  0x00000236135a3d90 JavaThread "Service Thread" daemon [_thread_blocked, id=7064, stack(0x00000077c7f00000,0x00000077c8000000)]
  0x00000236135a4660 JavaThread "Monitor Deflation Thread" daemon [_thread_blocked, id=14560, stack(0x00000077c8000000,0x00000077c8100000)]
=>0x00000236135a6270 JavaThread "C2 CompilerThread0" daemon [_thread_in_native, id=3888, stack(0x00000077c8100000,0x00000077c8200000)]
  0x00000236135b0ba0 JavaThread "C1 CompilerThread0" daemon [_thread_blocked, id=18672, stack(0x00000077c8200000,0x00000077c8300000)]
  0x00000236135ce990 JavaThread "Sweeper thread" daemon [_thread_blocked, id=14368, stack(0x00000077c8300000,0x00000077c8400000)]
  0x00000236137e08d0 JavaThread "Common-Cleaner" daemon [_thread_blocked, id=6724, stack(0x00000077c8400000,0x00000077c8500000)]
  0x0000023613b5e9b0 JavaThread "Monitor Ctrl-Break" daemon [_thread_in_native, id=17420, stack(0x00000077c8500000,0x00000077c8600000)]
  0x00000236139bf720 JavaThread "Notification Thread" daemon [_thread_blocked, id=17232, stack(0x00000077c8600000,0x00000077c8700000)]
  0x00000236594d1840 JavaThread "Catalina-utility-1" [_thread_blocked, id=19728, stack(0x00000077c8c00000,0x00000077c8d00000)]
  0x00000236594d0400 JavaThread "Catalina-utility-2" [_thread_blocked, id=1140, stack(0x00000077c8d00000,0x00000077c8e00000)]
  0x00000236594ce5a0 JavaThread "container-0" [_thread_blocked, id=11408, stack(0x00000077c8e00000,0x00000077c8f00000)]
  0x00000236594d1330 JavaThread "mssql-jdbc-shared-timer-core-0" daemon [_thread_blocked, id=13040, stack(0x00000077c9000000,0x00000077c9100000)]
  0x00000236594cfef0 JavaThread "HikariPool-1:housekeeper" daemon [_thread_blocked, id=19048, stack(0x00000077c9100000,0x00000077c9200000)]
  0x00000236594cf9e0 JavaThread "http-nio-8080-exec-1" daemon [_thread_blocked, id=9116, stack(0x00000077c9300000,0x00000077c9400000)]
  0x00000236594d0910 JavaThread "http-nio-8080-exec-2" daemon [_thread_blocked, id=11580, stack(0x00000077c9400000,0x00000077c9500000)]
  0x00000236594d0e20 JavaThread "http-nio-8080-exec-3" daemon [_thread_blocked, id=19016, stack(0x00000077c9500000,0x00000077c9600000)]
  0x00000236594d1d50 JavaThread "http-nio-8080-exec-4" daemon [_thread_blocked, id=14144, stack(0x00000077c9600000,0x00000077c9700000)]
  0x00000236594ceab0 JavaThread "http-nio-8080-exec-5" daemon [_thread_blocked, id=17124, stack(0x00000077c9700000,0x00000077c9800000)]
  0x00000236594cefc0 JavaThread "http-nio-8080-exec-6" daemon [_thread_blocked, id=496, stack(0x00000077c9800000,0x00000077c9900000)]
  0x00000236594cf4d0 JavaThread "http-nio-8080-exec-7" daemon [_thread_blocked, id=3376, stack(0x00000077c9900000,0x00000077c9a00000)]
  0x000002365946adf0 JavaThread "http-nio-8080-exec-8" daemon [_thread_blocked, id=2140, stack(0x00000077c9a00000,0x00000077c9b00000)]
  0x000002365946a8e0 JavaThread "http-nio-8080-exec-9" daemon [_thread_blocked, id=13268, stack(0x00000077c9b00000,0x00000077c9c00000)]
  0x000002365946e5a0 JavaThread "http-nio-8080-exec-10" daemon [_thread_blocked, id=15940, stack(0x00000077c9c00000,0x00000077c9d00000)]
  0x000002365946b300 JavaThread "http-nio-8080-Poller" daemon [_thread_in_native, id=18304, stack(0x00000077c9d00000,0x00000077c9e00000)]
  0x0000023659469ec0 JavaThread "http-nio-8080-Acceptor" daemon [_thread_in_native, id=1956, stack(0x00000077c9e00000,0x00000077c9f00000)]
  0x0000023659468f90 JavaThread "ThreadPoolTaskScheduler-1" [_thread_blocked, id=12748, stack(0x00000077c9f00000,0x00000077ca000000)]
  0x000002365946d160 JavaThread "org.springframework.kafka.KafkaListenerEndpointContainer#0-0-C-1" [_thread_in_native, id=9152, stack(0x00000077ca000000,0x00000077ca100000)]
  0x000002365946b810 JavaThread "DestroyJavaVM" [_thread_blocked, id=17436, stack(0x00000077c7400000,0x00000077c7500000)]
  0x00000236594694a0 JavaThread "kafka-producer-network-thread | producer-1" daemon [_thread_in_native, id=5292, stack(0x00000077c7200000,0x00000077c7300000)]
  0x000002365946eab0 JavaThread "HikariPool-1:connection-adder" daemon [_thread_in_native, id=12736, stack(0x00000077c7300000,0x00000077c7400000)]
  0x000002365946cc50 JavaThread "HikariPool-1:connection-closer" daemon [_thread_blocked, id=20984, stack(0x00000077c9200000,0x00000077c9300000)]

Other Threads:
  0x00000236764baa40 VMThread "VM Thread" [stack: 0x00000077c7a00000,0x00000077c7b00000] [id=1212]
  0x000002367644f240 WatcherThread [stack: 0x00000077c8700000,0x00000077c8800000] [id=18256]
  0x000002367643c640 GCTaskThread "GC Thread#0" [stack: 0x00000077c7500000,0x00000077c7600000] [id=9676]
  0x0000023659542bc0 GCTaskThread "GC Thread#1" [stack: 0x00000077c8800000,0x00000077c8900000] [id=6276]
  0x00000236592c3cc0 GCTaskThread "GC Thread#2" [stack: 0x00000077c8900000,0x00000077c8a00000] [id=12616]
  0x000002365958d9a0 GCTaskThread "GC Thread#3" [stack: 0x00000077c8a00000,0x00000077c8b00000] [id=9572]
  0x0000023676447140 ConcurrentGCThread "G1 Main Marker" [stack: 0x00000077c7600000,0x00000077c7700000] [id=15464]
  0x0000023676447a60 ConcurrentGCThread "G1 Conc#0" [stack: 0x00000077c7700000,0x00000077c7800000] [id=11988]
  0x000002367649cec0 ConcurrentGCThread "G1 Refine#0" [stack: 0x00000077c7800000,0x00000077c7900000] [id=15268]
  0x00000236595a5d10 ConcurrentGCThread "G1 Refine#1" [stack: 0x00000077c8b00000,0x00000077c8c00000] [id=12216]
  0x000002367649d800 ConcurrentGCThread "G1 Service" [stack: 0x00000077c7900000,0x00000077c7a00000] [id=10352]

Threads with active compile tasks:
C2 CompilerThread0   768400 7998       4       java.lang.String::format (16 bytes)

VM state: not at safepoint (normal execution)

VM Mutex/Monitor currently owned by a thread: None

Heap address: 0x00000000c1c00000, size: 996 MB, Compressed Oops mode: 32-bit

CDS archive(s) mapped at: [0x0000023614000000-0x0000023614bd0000-0x0000023614bd0000), size 12386304, SharedBaseAddress: 0x0000023614000000, ArchiveRelocationMode: 1.
Compressed class space mapped at: 0x0000023615000000-0x0000023655000000, reserved size: 1073741824
Narrow klass base: 0x0000023614000000, Narrow klass shift: 0, Narrow klass range: 0x100000000

GC Precious Log:
 CPUs: 4 total, 4 available
 Memory: 3976M
 Large Page Support: Disabled
 NUMA Support: Disabled
 Compressed Oops: Enabled (32-bit)
 Heap Region Size: 1M
 Heap Min Capacity: 8M
 Heap Initial Capacity: 64M
 Heap Max Capacity: 996M
 Pre-touch: Disabled
 Parallel Workers: 4
 Concurrent Workers: 1
 Concurrent Refinement Workers: 4
 Periodic GC: Disabled

Heap:
 garbage-first heap   total 99328K, used 39508K [0x00000000c1c00000, 0x0000000100000000)
  region size 1024K, 7 young (7168K), 3 survivors (3072K)
 Metaspace       used 87046K, committed 87744K, reserved 1179648K
  class space    used 11156K, committed 11520K, reserved 1048576K

Heap Regions: E=young(eden), S=young(survivor), O=old, HS=humongous(starts), HC=humongous(continues), CS=collection set, F=free, OA=open archive, CA=closed archive, TAMS=top-at-mark-start (previous, next)
|   0|0x00000000c1c00000, 0x00000000c1d00000, 0x00000000c1d00000|100%|HS|  |TAMS 0x00000000c1d00000, 0x00000000c1c00000| Complete 
|   1|0x00000000c1d00000, 0x00000000c1e00000, 0x00000000c1e00000|100%|HS|  |TAMS 0x00000000c1e00000, 0x00000000c1d00000| Complete 
|   2|0x00000000c1e00000, 0x00000000c1f00000, 0x00000000c1f00000|100%| O|  |TAMS 0x00000000c1f00000, 0x00000000c1e00000| Untracked 
|   3|0x00000000c1f00000, 0x00000000c2000000, 0x00000000c2000000|100%| O|  |TAMS 0x00000000c2000000, 0x00000000c1f00000| Untracked 
|   4|0x00000000c2000000, 0x00000000c2100000, 0x00000000c2100000|100%| O|  |TAMS 0x00000000c2100000, 0x00000000c2000000| Untracked 
|   5|0x00000000c2100000, 0x00000000c2200000, 0x00000000c2200000|100%| O|  |TAMS 0x00000000c2200000, 0x00000000c2100000| Untracked 
|   6|0x00000000c2200000, 0x00000000c2300000, 0x00000000c2300000|100%| O|  |TAMS 0x00000000c2300000, 0x00000000c2200000| Untracked 
|   7|0x00000000c2300000, 0x00000000c2400000, 0x00000000c2400000|100%| O|  |TAMS 0x00000000c2400000, 0x00000000c2300000| Untracked 
|   8|0x00000000c2400000, 0x00000000c2500000, 0x00000000c2500000|100%| O|  |TAMS 0x00000000c2500000, 0x00000000c2400000| Untracked 
|   9|0x00000000c2500000, 0x00000000c2600000, 0x00000000c2600000|100%| O|  |TAMS 0x00000000c2600000, 0x00000000c2500000| Untracked 
|  10|0x00000000c2600000, 0x00000000c2700000, 0x00000000c2700000|100%| O|  |TAMS 0x00000000c2700000, 0x00000000c2600000| Untracked 
|  11|0x00000000c2700000, 0x00000000c2800000, 0x00000000c2800000|100%| O|  |TAMS 0x00000000c2800000, 0x00000000c2700000| Untracked 
|  12|0x00000000c2800000, 0x00000000c2900000, 0x00000000c2900000|100%| O|  |TAMS 0x00000000c2900000, 0x00000000c2800000| Untracked 
|  13|0x00000000c2900000, 0x00000000c2a00000, 0x00000000c2a00000|100%| O|  |TAMS 0x00000000c2a00000, 0x00000000c2900000| Untracked 
|  14|0x00000000c2a00000, 0x00000000c2b00000, 0x00000000c2b00000|100%| O|  |TAMS 0x00000000c2b00000, 0x00000000c2a00000| Untracked 
|  15|0x00000000c2b00000, 0x00000000c2c00000, 0x00000000c2c00000|100%| O|  |TAMS 0x00000000c2c00000, 0x00000000c2b00000| Untracked 
|  16|0x00000000c2c00000, 0x00000000c2d00000, 0x00000000c2d00000|100%| O|  |TAMS 0x00000000c2d00000, 0x00000000c2c00000| Untracked 
|  17|0x00000000c2d00000, 0x00000000c2e00000, 0x00000000c2e00000|100%| O|  |TAMS 0x00000000c2e00000, 0x00000000c2d00000| Untracked 
|  18|0x00000000c2e00000, 0x00000000c2f00000, 0x00000000c2f00000|100%| O|  |TAMS 0x00000000c2f00000, 0x00000000c2e00000| Untracked 
|  19|0x00000000c2f00000, 0x00000000c3000000, 0x00000000c3000000|100%| O|  |TAMS 0x00000000c3000000, 0x00000000c2f00000| Untracked 
|  20|0x00000000c3000000, 0x00000000c3100000, 0x00000000c3100000|100%| O|  |TAMS 0x00000000c3100000, 0x00000000c3000000| Untracked 
|  21|0x00000000c3100000, 0x00000000c3200000, 0x00000000c3200000|100%| O|  |TAMS 0x00000000c3200000, 0x00000000c3100000| Untracked 
|  22|0x00000000c3200000, 0x00000000c3300000, 0x00000000c3300000|100%| O|  |TAMS 0x00000000c3300000, 0x00000000c3200000| Untracked 
|  23|0x00000000c3300000, 0x00000000c3400000, 0x00000000c3400000|100%| O|  |TAMS 0x00000000c3300000, 0x00000000c3300000| Untracked 
|  24|0x00000000c3400000, 0x00000000c3500000, 0x00000000c3500000|100%| O|  |TAMS 0x00000000c3400000, 0x00000000c3400000| Untracked 
|  25|0x00000000c3500000, 0x00000000c3600000, 0x00000000c3600000|100%| O|  |TAMS 0x00000000c3500000, 0x00000000c3500000| Untracked 
|  26|0x00000000c3600000, 0x00000000c3700000, 0x00000000c3700000|100%| O|  |TAMS 0x00000000c3600000, 0x00000000c3600000| Untracked 
|  27|0x00000000c3700000, 0x00000000c3800000, 0x00000000c3800000|100%| O|  |TAMS 0x00000000c3700000, 0x00000000c3700000| Untracked 
|  28|0x00000000c3800000, 0x00000000c3900000, 0x00000000c3900000|100%| O|  |TAMS 0x00000000c3800000, 0x00000000c3800000| Untracked 
|  29|0x00000000c3900000, 0x00000000c3a00000, 0x00000000c3a00000|100%| O|  |TAMS 0x00000000c3900000, 0x00000000c3900000| Untracked 
|  30|0x00000000c3a00000, 0x00000000c3b00000, 0x00000000c3b00000|100%| O|  |TAMS 0x00000000c3a00000, 0x00000000c3a00000| Untracked 
|  31|0x00000000c3b00000, 0x00000000c3c00000, 0x00000000c3c00000|100%| O|  |TAMS 0x00000000c3b00000, 0x00000000c3b00000| Untracked 
|  32|0x00000000c3c00000, 0x00000000c3cebe00, 0x00000000c3d00000| 92%| O|  |TAMS 0x00000000c3c00000, 0x00000000c3c00000| Untracked 
|  33|0x00000000c3d00000, 0x00000000c3d00000, 0x00000000c3e00000|  0%| F|  |TAMS 0x00000000c3d00000, 0x00000000c3d00000| Untracked 
|  34|0x00000000c3e00000, 0x00000000c3e00000, 0x00000000c3f00000|  0%| F|  |TAMS 0x00000000c3e00000, 0x00000000c3e00000| Untracked 
|  35|0x00000000c3f00000, 0x00000000c3f00000, 0x00000000c4000000|  0%| F|  |TAMS 0x00000000c3f00000, 0x00000000c3f00000| Untracked 
|  36|0x00000000c4000000, 0x00000000c4000000, 0x00000000c4100000|  0%| F|  |TAMS 0x00000000c4000000, 0x00000000c4000000| Untracked 
|  37|0x00000000c4100000, 0x00000000c4100000, 0x00000000c4200000|  0%| F|  |TAMS 0x00000000c4100000, 0x00000000c4100000| Untracked 
|  38|0x00000000c4200000, 0x00000000c4200000, 0x00000000c4300000|  0%| F|  |TAMS 0x00000000c4200000, 0x00000000c4200000| Untracked 
|  39|0x00000000c4300000, 0x00000000c4300000, 0x00000000c4400000|  0%| F|  |TAMS 0x00000000c4300000, 0x00000000c4300000| Untracked 
|  40|0x00000000c4400000, 0x00000000c4400000, 0x00000000c4500000|  0%| F|  |TAMS 0x00000000c4400000, 0x00000000c4400000| Untracked 
|  41|0x00000000c4500000, 0x00000000c4500000, 0x00000000c4600000|  0%| F|  |TAMS 0x00000000c4500000, 0x00000000c4500000| Untracked 
|  42|0x00000000c4600000, 0x00000000c4600000, 0x00000000c4700000|  0%| F|  |TAMS 0x00000000c4600000, 0x00000000c4600000| Untracked 
|  43|0x00000000c4700000, 0x00000000c4700000, 0x00000000c4800000|  0%| F|  |TAMS 0x00000000c4700000, 0x00000000c4700000| Untracked 
|  44|0x00000000c4800000, 0x00000000c4800000, 0x00000000c4900000|  0%| F|  |TAMS 0x00000000c4800000, 0x00000000c4800000| Untracked 
|  45|0x00000000c4900000, 0x00000000c4900000, 0x00000000c4a00000|  0%| F|  |TAMS 0x00000000c4900000, 0x00000000c4900000| Untracked 
|  46|0x00000000c4a00000, 0x00000000c4a00000, 0x00000000c4b00000|  0%| F|  |TAMS 0x00000000c4a00000, 0x00000000c4a00000| Untracked 
|  47|0x00000000c4b00000, 0x00000000c4b00000, 0x00000000c4c00000|  0%| F|  |TAMS 0x00000000c4b00000, 0x00000000c4b00000| Untracked 
|  48|0x00000000c4c00000, 0x00000000c4c00000, 0x00000000c4d00000|  0%| F|  |TAMS 0x00000000c4c00000, 0x00000000c4c00000| Untracked 
|  49|0x00000000c4d00000, 0x00000000c4da9440, 0x00000000c4e00000| 66%| S|CS|TAMS 0x00000000c4d00000, 0x00000000c4d00000| Complete 
|  50|0x00000000c4e00000, 0x00000000c4f00000, 0x00000000c4f00000|100%| S|CS|TAMS 0x00000000c4e00000, 0x00000000c4e00000| Complete 
|  51|0x00000000c4f00000, 0x00000000c4f00000, 0x00000000c5000000|  0%| F|  |TAMS 0x00000000c4f00000, 0x00000000c4f00000| Untracked 
|  52|0x00000000c5000000, 0x00000000c5000000, 0x00000000c5100000|  0%| F|  |TAMS 0x00000000c5000000, 0x00000000c5000000| Untracked 
|  53|0x00000000c5100000, 0x00000000c5100000, 0x00000000c5200000|  0%| F|  |TAMS 0x00000000c5100000, 0x00000000c5100000| Untracked 
|  54|0x00000000c5200000, 0x00000000c5300000, 0x00000000c5300000|100%| S|CS|TAMS 0x00000000c5200000, 0x00000000c5200000| Complete 
|  55|0x00000000c5300000, 0x00000000c5300000, 0x00000000c5400000|  0%| F|  |TAMS 0x00000000c5300000, 0x00000000c5300000| Untracked 
|  56|0x00000000c5400000, 0x00000000c5400000, 0x00000000c5500000|  0%| F|  |TAMS 0x00000000c5400000, 0x00000000c5400000| Untracked 
|  57|0x00000000c5500000, 0x00000000c5500000, 0x00000000c5600000|  0%| F|  |TAMS 0x00000000c5500000, 0x00000000c5500000| Untracked 
|  58|0x00000000c5600000, 0x00000000c5600000, 0x00000000c5700000|  0%| F|  |TAMS 0x00000000c5600000, 0x00000000c5600000| Untracked 
|  59|0x00000000c5700000, 0x00000000c5700000, 0x00000000c5800000|  0%| F|  |TAMS 0x00000000c5700000, 0x00000000c5700000| Untracked 
|  60|0x00000000c5800000, 0x00000000c5800000, 0x00000000c5900000|  0%| F|  |TAMS 0x00000000c5800000, 0x00000000c5800000| Untracked 
|  61|0x00000000c5900000, 0x00000000c5900000, 0x00000000c5a00000|  0%| F|  |TAMS 0x00000000c5900000, 0x00000000c5900000| Untracked 
|  62|0x00000000c5a00000, 0x00000000c5a00000, 0x00000000c5b00000|  0%| F|  |TAMS 0x00000000c5a00000, 0x00000000c5a00000| Untracked 
|  63|0x00000000c5b00000, 0x00000000c5b00000, 0x00000000c5c00000|  0%| F|  |TAMS 0x00000000c5b00000, 0x00000000c5b00000| Untracked 
|  64|0x00000000c5c00000, 0x00000000c5c00000, 0x00000000c5d00000|  0%| F|  |TAMS 0x00000000c5c00000, 0x00000000c5c00000| Untracked 
|  65|0x00000000c5d00000, 0x00000000c5d00000, 0x00000000c5e00000|  0%| F|  |TAMS 0x00000000c5d00000, 0x00000000c5d00000| Untracked 
|  66|0x00000000c5e00000, 0x00000000c5e00000, 0x00000000c5f00000|  0%| F|  |TAMS 0x00000000c5e00000, 0x00000000c5e00000| Untracked 
|  67|0x00000000c5f00000, 0x00000000c5f00000, 0x00000000c6000000|  0%| F|  |TAMS 0x00000000c5f00000, 0x00000000c5f00000| Untracked 
|  68|0x00000000c6000000, 0x00000000c6000000, 0x00000000c6100000|  0%| F|  |TAMS 0x00000000c6000000, 0x00000000c6000000| Untracked 
|  69|0x00000000c6100000, 0x00000000c6100000, 0x00000000c6200000|  0%| F|  |TAMS 0x00000000c6100000, 0x00000000c6100000| Untracked 
|  70|0x00000000c6200000, 0x00000000c6200000, 0x00000000c6300000|  0%| F|  |TAMS 0x00000000c6200000, 0x00000000c6200000| Untracked 
|  71|0x00000000c6300000, 0x00000000c6300000, 0x00000000c6400000|  0%| F|  |TAMS 0x00000000c6300000, 0x00000000c6300000| Untracked 
|  72|0x00000000c6400000, 0x00000000c6400000, 0x00000000c6500000|  0%| F|  |TAMS 0x00000000c6400000, 0x00000000c6400000| Untracked 
|  73|0x00000000c6500000, 0x00000000c6500000, 0x00000000c6600000|  0%| F|  |TAMS 0x00000000c6500000, 0x00000000c6500000| Untracked 
|  74|0x00000000c6600000, 0x00000000c6600000, 0x00000000c6700000|  0%| F|  |TAMS 0x00000000c6600000, 0x00000000c6600000| Untracked 
|  75|0x00000000c6700000, 0x00000000c6700000, 0x00000000c6800000|  0%| F|  |TAMS 0x00000000c6700000, 0x00000000c6700000| Untracked 
|  76|0x00000000c6800000, 0x00000000c6800000, 0x00000000c6900000|  0%| F|  |TAMS 0x00000000c6800000, 0x00000000c6800000| Untracked 
|  77|0x00000000c6900000, 0x00000000c6900000, 0x00000000c6a00000|  0%| F|  |TAMS 0x00000000c6900000, 0x00000000c6900000| Untracked 
|  78|0x00000000c6a00000, 0x00000000c6a00000, 0x00000000c6b00000|  0%| F|  |TAMS 0x00000000c6a00000, 0x00000000c6a00000| Untracked 
|  79|0x00000000c6b00000, 0x00000000c6b00000, 0x00000000c6c00000|  0%| F|  |TAMS 0x00000000c6b00000, 0x00000000c6b00000| Untracked 
|  80|0x00000000c6c00000, 0x00000000c6c00000, 0x00000000c6d00000|  0%| F|  |TAMS 0x00000000c6c00000, 0x00000000c6c00000| Untracked 
|  81|0x00000000c6d00000, 0x00000000c6d00000, 0x00000000c6e00000|  0%| F|  |TAMS 0x00000000c6d00000, 0x00000000c6d00000| Untracked 
|  82|0x00000000c6e00000, 0x00000000c6e00000, 0x00000000c6f00000|  0%| F|  |TAMS 0x00000000c6e00000, 0x00000000c6e00000| Untracked 
|  83|0x00000000c6f00000, 0x00000000c6f00000, 0x00000000c7000000|  0%| F|  |TAMS 0x00000000c6f00000, 0x00000000c6f00000| Untracked 
|  84|0x00000000c7000000, 0x00000000c7000000, 0x00000000c7100000|  0%| F|  |TAMS 0x00000000c7000000, 0x00000000c7000000| Untracked 
|  85|0x00000000c7100000, 0x00000000c7100000, 0x00000000c7200000|  0%| F|  |TAMS 0x00000000c7100000, 0x00000000c7100000| Untracked 
|  86|0x00000000c7200000, 0x00000000c7200000, 0x00000000c7300000|  0%| F|  |TAMS 0x00000000c7200000, 0x00000000c7200000| Untracked 
|  87|0x00000000c7300000, 0x00000000c7300000, 0x00000000c7400000|  0%| F|  |TAMS 0x00000000c7300000, 0x00000000c7300000| Untracked 
|  88|0x00000000c7400000, 0x00000000c7400000, 0x00000000c7500000|  0%| F|  |TAMS 0x00000000c7400000, 0x00000000c7400000| Untracked 
|  89|0x00000000c7500000, 0x00000000c7500000, 0x00000000c7600000|  0%| F|  |TAMS 0x00000000c7500000, 0x00000000c7500000| Untracked 
|  90|0x00000000c7600000, 0x00000000c7600000, 0x00000000c7700000|  0%| F|  |TAMS 0x00000000c7600000, 0x00000000c7600000| Untracked 
|  91|0x00000000c7700000, 0x00000000c7700000, 0x00000000c7800000|  0%| F|  |TAMS 0x00000000c7700000, 0x00000000c7700000| Untracked 
| 101|0x00000000c8100000, 0x00000000c8100000, 0x00000000c8200000|  0%| F|  |TAMS 0x00000000c8100000, 0x00000000c8100000| Untracked 
| 102|0x00000000c8200000, 0x00000000c824bab8, 0x00000000c8300000| 29%| E|  |TAMS 0x00000000c8200000, 0x00000000c8200000| Complete 
| 103|0x00000000c8300000, 0x00000000c8400000, 0x00000000c8400000|100%| E|CS|TAMS 0x00000000c8300000, 0x00000000c8300000| Complete 
| 104|0x00000000c8400000, 0x00000000c8500000, 0x00000000c8500000|100%| E|CS|TAMS 0x00000000c8400000, 0x00000000c8400000| Complete 
| 105|0x00000000c8500000, 0x00000000c8600000, 0x00000000c8600000|100%| E|CS|TAMS 0x00000000c8500000, 0x00000000c8500000| Complete 

Card table byte_map: [0x000002367fcc0000,0x000002367fec0000] _byte_map_base: 0x000002367f6b2000

Marking Bits (Prev, Next): (CMBitMap*) 0x000002367643ebd0, (CMBitMap*) 0x000002367643eb90
 Prev Bits: [0x0000023610190000, 0x0000023611120000)
 Next Bits: [0x000002360f200000, 0x0000023610190000)

Polling page: 0x00000236764d0000

Metaspace:

Usage:
  Non-class:     74.11 MB used.
      Class:     10.90 MB used.
       Both:     85.01 MB used.

Virtual space:
  Non-class space:      128.00 MB reserved,      74.44 MB ( 58%) committed,  2 nodes.
      Class space:        1.00 GB reserved,      11.25 MB (  1%) committed,  1 nodes.
             Both:        1.12 GB reserved,      85.69 MB (  7%) committed. 

Chunk freelists:
   Non-Class:  5.33 MB
       Class:  4.73 MB
        Both:  10.05 MB

MaxMetaspaceSize: unlimited
CompressedClassSpaceSize: 1.00 GB
Initial GC threshold: 21.00 MB
Current GC threshold: 98.88 MB
CDS: on
MetaspaceReclaimPolicy: balanced
 - commit_granule_bytes: 65536.
 - commit_granule_words: 8192.
 - virtual_space_node_default_size: 8388608.
 - enlarge_chunks_in_place: 1.
 - new_chunks_are_fully_committed: 0.
 - uncommit_free_chunks: 1.
 - use_allocation_guard: 0.
 - handle_deallocations: 1.


Internal statistics:

num_allocs_failed_limit: 9.
num_arena_births: 1008.
num_arena_deaths: 0.
num_vsnodes_births: 3.
num_vsnodes_deaths: 0.
num_space_committed: 1371.
num_space_uncommitted: 0.
num_chunks_returned_to_freelist: 9.
num_chunks_taken_from_freelist: 4036.
num_chunk_merges: 9.
num_chunk_splits: 2984.
num_chunks_enlarged: 2404.
num_inconsistent_stats: 0.

CodeHeap 'non-profiled nmethods': size=120000Kb used=4381Kb max_used=4381Kb free=115618Kb
 bounds [0x0000023607ad0000, 0x0000023607f20000, 0x000002360f000000]
CodeHeap 'profiled nmethods': size=120000Kb used=13057Kb max_used=13057Kb free=106942Kb
 bounds [0x0000023600000000, 0x0000023600cd0000, 0x0000023607530000]
CodeHeap 'non-nmethods': size=5760Kb used=1445Kb max_used=1496Kb free=4314Kb
 bounds [0x0000023607530000, 0x00000236077a0000, 0x0000023607ad0000]
 total_blobs=7911 nmethods=7106 adapters=717
 compilation: enabled
              stopped_count=0, restarted_count=0
 full_count=0

Compilation events (20 events):
Event: 757.630 Thread 0x00000236135b0ba0 7989       3       java.util.Arrays$ArrayList::contains (14 bytes)
Event: 757.632 Thread 0x00000236135b0ba0 nmethod 7989 0x0000023600cbef10 code [0x0000023600cbf0c0, 0x0000023600cbf268]
Event: 757.686 Thread 0x00000236135a6270 nmethod 7988 0x0000023607f14690 code [0x0000023607f148e0, 0x0000023607f155a0]
Event: 757.687 Thread 0x00000236135a6270 7990       4       sun.security.ec.XECOperations::cswap (9 bytes)
Event: 757.705 Thread 0x00000236135b0ba0 7993       2       java.util.LinkedHashMap::get (29 bytes)
Event: 757.708 Thread 0x00000236135b0ba0 nmethod 7993 0x0000023600cbf310 code [0x0000023600cbf4c0, 0x0000023600cbf678]
Event: 757.708 Thread 0x00000236135b0ba0 7992       3       sun.security.ssl.HandshakeOutStream::putInt16 (20 bytes)
Event: 757.709 Thread 0x00000236135b0ba0 nmethod 7992 0x0000023600cbf790 code [0x0000023600cbf980, 0x0000023600cbfe28]
Event: 757.711 Thread 0x00000236135a6270 nmethod 7990 0x0000023607f15b90 code [0x0000023607f15d20, 0x0000023607f16038]
Event: 757.711 Thread 0x00000236135a6270 7991       4       sun.security.ec.ECOperations::lookup4 (88 bytes)
Event: 757.766 Thread 0x00000236135a6270 nmethod 7991 0x0000023607f16210 code [0x0000023607f163c0, 0x0000023607f16e18]
Event: 757.950 Thread 0x00000236135b0ba0 7994       3       java.nio.ByteBuffer::array (35 bytes)
Event: 757.951 Thread 0x00000236135b0ba0 nmethod 7994 0x0000023600cc0110 code [0x0000023600cc02e0, 0x0000023600cc0598]
Event: 759.595 Thread 0x00000236135b0ba0 7995       3       ch.qos.logback.classic.spi.LoggingEvent::getFormattedMessage (82 bytes)
Event: 759.600 Thread 0x00000236135b0ba0 nmethod 7995 0x0000023600cc0690 code [0x0000023600cc0860, 0x0000023600cc0c78]
Event: 759.709 Thread 0x00000236135b0ba0 7996       3       java.util.concurrent.ConcurrentHashMap::size (31 bytes)
Event: 759.710 Thread 0x00000236135b0ba0 nmethod 7996 0x0000023600cc0d90 code [0x0000023600cc0f40, 0x0000023600cc1188]
Event: 762.962 Thread 0x00000236135b0ba0 7997       3       sun.security.ssl.Authenticator::sequenceNumber (10 bytes)
Event: 762.965 Thread 0x00000236135b0ba0 nmethod 7997 0x0000023600cc1210 code [0x0000023600cc13a0, 0x0000023600cc14e8]
Event: 768.005 Thread 0x00000236135a6270 7998       4       java.lang.String::format (16 bytes)

GC Heap History (20 events):
Event: 9.976 GC heap before
{Heap before GC invocations=11 (full 0):
 garbage-first heap   total 58368K, used 42317K [0x00000000c1c00000, 0x0000000100000000)
  region size 1024K, 23 young (23552K), 1 survivors (1024K)
 Metaspace       used 43693K, committed 44160K, reserved 1114112K
  class space    used 5668K, committed 5888K, reserved 1048576K
}
Event: 9.982 GC heap after
{Heap after GC invocations=12 (full 0):
 garbage-first heap   total 58368K, used 22083K [0x00000000c1c00000, 0x0000000100000000)
  region size 1024K, 2 young (2048K), 2 survivors (2048K)
 Metaspace       used 43693K, committed 44160K, reserved 1114112K
  class space    used 5668K, committed 5888K, reserved 1048576K
}
Event: 12.464 GC heap before
{Heap before GC invocations=12 (full 0):
 garbage-first heap   total 58368K, used 44611K [0x00000000c1c00000, 0x0000000100000000)
  region size 1024K, 24 young (24576K), 2 survivors (2048K)
 Metaspace       used 48827K, committed 49408K, reserved 1114112K
  class space    used 6325K, committed 6592K, reserved 1048576K
}
Event: 12.470 GC heap after
{Heap after GC invocations=13 (full 0):
 garbage-first heap   total 58368K, used 23856K [0x00000000c1c00000, 0x0000000100000000)
  region size 1024K, 3 young (3072K), 3 survivors (3072K)
 Metaspace       used 48827K, committed 49408K, reserved 1114112K
  class space    used 6325K, committed 6592K, reserved 1048576K
}
Event: 13.272 GC heap before
{Heap before GC invocations=13 (full 0):
 garbage-first heap   total 58368K, used 44336K [0x00000000c1c00000, 0x0000000100000000)
  region size 1024K, 24 young (24576K), 3 survivors (3072K)
 Metaspace       used 55055K, committed 55616K, reserved 1114112K
  class space    used 7289K, committed 7552K, reserved 1048576K
}
Event: 13.281 GC heap after
{Heap after GC invocations=14 (full 0):
 garbage-first heap   total 58368K, used 25091K [0x00000000c1c00000, 0x0000000100000000)
  region size 1024K, 2 young (2048K), 2 survivors (2048K)
 Metaspace       used 55055K, committed 55616K, reserved 1114112K
  class space    used 7289K, committed 7552K, reserved 1048576K
}
Event: 14.093 GC heap before
{Heap before GC invocations=14 (full 0):
 garbage-first heap   total 58368K, used 45571K [0x00000000c1c00000, 0x0000000100000000)
  region size 1024K, 22 young (22528K), 2 survivors (2048K)
 Metaspace       used 59661K, committed 60288K, reserved 1114112K
  class space    used 7989K, committed 8256K, reserved 1048576K
}
Event: 14.097 GC heap after
{Heap after GC invocations=15 (full 0):
 garbage-first heap   total 108544K, used 25451K [0x00000000c1c00000, 0x0000000100000000)
  region size 1024K, 2 young (2048K), 2 survivors (2048K)
 Metaspace       used 59661K, committed 60288K, reserved 1114112K
  class space    used 7989K, committed 8256K, reserved 1048576K
}
Event: 14.118 GC heap before
{Heap before GC invocations=15 (full 0):
 garbage-first heap   total 108544K, used 26475K [0x00000000c1c00000, 0x0000000100000000)
  region size 1024K, 4 young (4096K), 2 survivors (2048K)
 Metaspace       used 59797K, committed 60416K, reserved 1114112K
  class space    used 8012K, committed 8256K, reserved 1048576K
}
Event: 14.123 GC heap after
{Heap after GC invocations=16 (full 0):
 garbage-first heap   total 108544K, used 25504K [0x00000000c1c00000, 0x0000000100000000)
  region size 1024K, 2 young (2048K), 2 survivors (2048K)
 Metaspace       used 59797K, committed 60416K, reserved 1114112K
  class space    used 8012K, committed 8256K, reserved 1048576K
}
Event: 53.457 GC heap before
{Heap before GC invocations=17 (full 0):
 garbage-first heap   total 99328K, used 82848K [0x00000000c1c00000, 0x0000000100000000)
  region size 1024K, 58 young (59392K), 2 survivors (2048K)
 Metaspace       used 68746K, committed 69376K, reserved 1114112K
  class space    used 9213K, committed 9536K, reserved 1048576K
}
Event: 53.497 GC heap after
{Heap after GC invocations=18 (full 0):
 garbage-first heap   total 99328K, used 30505K [0x00000000c1c00000, 0x0000000100000000)
  region size 1024K, 7 young (7168K), 7 survivors (7168K)
 Metaspace       used 68746K, committed 69376K, reserved 1114112K
  class space    used 9213K, committed 9536K, reserved 1048576K
}
Event: 53.587 GC heap before
{Heap before GC invocations=18 (full 0):
 garbage-first heap   total 99328K, used 30505K [0x00000000c1c00000, 0x0000000100000000)
  region size 1024K, 8 young (8192K), 7 survivors (7168K)
 Metaspace       used 68838K, committed 69440K, reserved 1114112K
  class space    used 9231K, committed 9536K, reserved 1048576K
}
Event: 53.662 GC heap after
{Heap after GC invocations=19 (full 0):
 garbage-first heap   total 99328K, used 31411K [0x00000000c1c00000, 0x0000000100000000)
  region size 1024K, 1 young (1024K), 1 survivors (1024K)
 Metaspace       used 68838K, committed 69440K, reserved 1114112K
  class space    used 9231K, committed 9536K, reserved 1048576K
}
Event: 78.884 GC heap before
{Heap before GC invocations=19 (full 0):
 garbage-first heap   total 99328K, used 77491K [0x00000000c1c00000, 0x0000000100000000)
  region size 1024K, 46 young (47104K), 1 survivors (1024K)
 Metaspace       used 80495K, committed 81216K, reserved 1179648K
  class space    used 10300K, committed 10624K, reserved 1048576K
}
Event: 78.912 GC heap after
{Heap after GC invocations=20 (full 0):
 garbage-first heap   total 99328K, used 33660K [0x00000000c1c00000, 0x0000000100000000)
  region size 1024K, 4 young (4096K), 4 survivors (4096K)
 Metaspace       used 80495K, committed 81216K, reserved 1179648K
  class space    used 10300K, committed 10624K, reserved 1048576K
}
Event: 269.291 GC heap before
{Heap before GC invocations=20 (full 0):
 garbage-first heap   total 99328K, used 76668K [0x00000000c1c00000, 0x0000000100000000)
  region size 1024K, 47 young (48128K), 4 survivors (4096K)
 Metaspace       used 86820K, committed 87488K, reserved 1179648K
  class space    used 11147K, committed 11456K, reserved 1048576K
}
Event: 269.576 GC heap after
{Heap after GC invocations=21 (full 0):
 garbage-first heap   total 99328K, used 36079K [0x00000000c1c00000, 0x0000000100000000)
  region size 1024K, 6 young (6144K), 6 survivors (6144K)
 Metaspace       used 86820K, committed 87488K, reserved 1179648K
  class space    used 11147K, committed 11456K, reserved 1048576K
}
Event: 747.398 GC heap before
{Heap before GC invocations=21 (full 0):
 garbage-first heap   total 99328K, used 79087K [0x00000000c1c00000, 0x0000000100000000)
  region size 1024K, 48 young (49152K), 6 survivors (6144K)
 Metaspace       used 86997K, committed 87680K, reserved 1179648K
  class space    used 11147K, committed 11456K, reserved 1048576K
}
Event: 747.569 GC heap after
{Heap after GC invocations=22 (full 0):
 garbage-first heap   total 99328K, used 36436K [0x00000000c1c00000, 0x0000000100000000)
  region size 1024K, 3 young (3072K), 3 survivors (3072K)
 Metaspace       used 86997K, committed 87680K, reserved 1179648K
  class space    used 11147K, committed 11456K, reserved 1048576K
}

Deoptimization events (20 events):
Event: 623.891 Thread 0x00000236594694a0 Uncommon trap: trap_request=0xffffff45 fr.pc=0x0000023607eb1778 relative=0x0000000000000078
Event: 623.891 Thread 0x00000236594694a0 Uncommon trap: reason=unstable_if action=reinterpret pc=0x0000023607eb1778 method=org.apache.kafka.common.network.Selector$IdleExpiryManager.pollExpiredConnection(J)Ljava/util/Map$Entry; @ 6 c2
Event: 623.892 Thread 0x00000236594694a0 DEOPT PACKING pc=0x0000023607eb1778 sp=0x00000077c72fef00
Event: 623.893 Thread 0x00000236594694a0 DEOPT UNPACKING pc=0x00000236075823a3 sp=0x00000077c72fee00 mode 2
Event: 701.670 Thread 0x00000236594694a0 Uncommon trap: trap_request=0xffffffde fr.pc=0x0000023607e4dd5c relative=0x000000000000033c
Event: 701.671 Thread 0x00000236594694a0 Uncommon trap: reason=class_check action=maybe_recompile pc=0x0000023607e4dd5c method=java.util.HashMap$KeySpliterator.forEachRemaining(Ljava/util/function/Consumer;)V @ 145 c2
Event: 701.671 Thread 0x00000236594694a0 DEOPT PACKING pc=0x0000023607e4dd5c sp=0x00000077c72fedb0
Event: 701.674 Thread 0x00000236594694a0 DEOPT UNPACKING pc=0x00000236075823a3 sp=0x00000077c72fed58 mode 2
Event: 753.897 Thread 0x00000236594cfef0 Uncommon trap: trap_request=0xffffff45 fr.pc=0x0000023607eba23c relative=0x000000000000003c
Event: 753.897 Thread 0x00000236594cfef0 Uncommon trap: reason=unstable_if action=reinterpret pc=0x0000023607eba23c method=java.util.Formatter$Conversion.isValid(C)Z @ 1 c2
Event: 753.898 Thread 0x00000236594cfef0 DEOPT PACKING pc=0x0000023607eba23c sp=0x00000077c91fdcf0
Event: 753.898 Thread 0x00000236594cfef0 DEOPT UNPACKING pc=0x00000236075823a3 sp=0x00000077c91fdc78 mode 2
Event: 753.898 Thread 0x00000236594cfef0 Uncommon trap: trap_request=0xffffff45 fr.pc=0x0000023607e91f94 relative=0x00000000000021b4
Event: 753.898 Thread 0x00000236594cfef0 Uncommon trap: reason=unstable_if action=reinterpret pc=0x0000023607e91f94 method=java.util.Formatter.parse(Ljava/lang/String;)Ljava/util/List; @ 115 c2
Event: 753.898 Thread 0x00000236594cfef0 DEOPT PACKING pc=0x0000023607e91f94 sp=0x00000077c91fdd10
Event: 753.899 Thread 0x00000236594cfef0 DEOPT UNPACKING pc=0x00000236075823a3 sp=0x00000077c91fdca0 mode 2
Event: 754.045 Thread 0x00000236594cfef0 Uncommon trap: trap_request=0xffffff45 fr.pc=0x0000023607ec07d4 relative=0x00000000000029d4
Event: 754.045 Thread 0x00000236594cfef0 Uncommon trap: reason=unstable_if action=reinterpret pc=0x0000023607ec07d4 method=org.slf4j.helpers.MessageFormatter.isEscapedDelimeter(Ljava/lang/String;I)Z @ 1 c2
Event: 754.045 Thread 0x00000236594cfef0 DEOPT PACKING pc=0x0000023607ec07d4 sp=0x00000077c91fee40
Event: 754.046 Thread 0x00000236594cfef0 DEOPT UNPACKING pc=0x00000236075823a3 sp=0x00000077c91fed38 mode 2

Classes unloaded (0 events):
No events

Classes redefined (0 events):
No events

Internal exceptions (20 events):
Event: 760.449 Thread 0x00000236594694a0 Exception <a 'java/net/ConnectException'{0x00000000c84e1618}: Connection refused: no further information> (0x00000000c84e1618) 
thrown [s\open\src\hotspot\share\prims\jni.cpp, line 535]
Event: 760.711 Thread 0x000002365946d160 Exception <a 'java/net/ConnectException'{0x00000000c84a1118}: Connection refused: no further information> (0x00000000c84a1118) 
thrown [s\open\src\hotspot\share\prims\jni.cpp, line 535]
Event: 761.402 Thread 0x00000236594694a0 Exception <a 'java/net/ConnectException'{0x00000000c84ec1c0}: Connection refused: no further information> (0x00000000c84ec1c0) 
thrown [s\open\src\hotspot\share\prims\jni.cpp, line 535]
Event: 761.717 Thread 0x000002365946d160 Exception <a 'java/net/ConnectException'{0x00000000c84ada08}: Connection refused: no further information> (0x00000000c84ada08) 
thrown [s\open\src\hotspot\share\prims\jni.cpp, line 535]
Event: 762.392 Thread 0x00000236594694a0 Exception <a 'java/net/ConnectException'{0x00000000c84f68a8}: Connection refused: no further information> (0x00000000c84f68a8) 
thrown [s\open\src\hotspot\share\prims\jni.cpp, line 535]
Event: 762.723 Thread 0x000002365946d160 Exception <a 'java/net/ConnectException'{0x00000000c84b9c28}: Connection refused: no further information> (0x00000000c84b9c28) 
thrown [s\open\src\hotspot\share\prims\jni.cpp, line 535]
Event: 763.442 Thread 0x00000236594694a0 Exception <a 'java/net/ConnectException'{0x00000000c8321da0}: Connection refused: no further information> (0x00000000c8321da0) 
thrown [s\open\src\hotspot\share\prims\jni.cpp, line 535]
Event: 763.742 Thread 0x000002365946d160 Exception <a 'java/net/ConnectException'{0x00000000c8359d80}: Connection refused: no further information> (0x00000000c8359d80) 
thrown [s\open\src\hotspot\share\prims\jni.cpp, line 535]
Event: 764.477 Thread 0x00000236594694a0 Exception <a 'java/net/ConnectException'{0x00000000c832cc80}: Connection refused: no further information> (0x00000000c832cc80) 
thrown [s\open\src\hotspot\share\prims\jni.cpp, line 535]
Event: 764.689 Thread 0x000002365946d160 Exception <a 'java/net/ConnectException'{0x00000000c8365158}: Connection refused: no further information> (0x00000000c8365158) 
thrown [s\open\src\hotspot\share\prims\jni.cpp, line 535]
Event: 765.491 Thread 0x00000236594694a0 Exception <a 'java/net/ConnectException'{0x00000000c8337818}: Connection refused: no further information> (0x00000000c8337818) 
thrown [s\open\src\hotspot\share\prims\jni.cpp, line 535]
Event: 765.727 Thread 0x000002365946d160 Exception <a 'java/net/ConnectException'{0x00000000c83713b0}: Connection refused: no further information> (0x00000000c83713b0) 
thrown [s\open\src\hotspot\share\prims\jni.cpp, line 535]
Event: 766.474 Thread 0x00000236594694a0 Exception <a 'java/net/ConnectException'{0x00000000c8342260}: Connection refused: no further information> (0x00000000c8342260) 
thrown [s\open\src\hotspot\share\prims\jni.cpp, line 535]
Event: 766.741 Thread 0x000002365946d160 Exception <a 'java/net/ConnectException'{0x00000000c837d7f0}: Connection refused: no further information> (0x00000000c837d7f0) 
thrown [s\open\src\hotspot\share\prims\jni.cpp, line 535]
Event: 767.390 Thread 0x00000236594694a0 Exception <a 'java/net/ConnectException'{0x00000000c834c128}: Connection refused: no further information> (0x00000000c834c128) 
thrown [s\open\src\hotspot\share\prims\jni.cpp, line 535]
Event: 767.743 Thread 0x000002365946d160 Exception <a 'java/net/ConnectException'{0x00000000c8389910}: Connection refused: no further information> (0x00000000c8389910) 
thrown [s\open\src\hotspot\share\prims\jni.cpp, line 535]
Event: 767.762 Thread 0x000002365946eab0 Exception <a 'sun/net/ConnectionResetException'{0x00000000c830d200}: Connection reset> (0x00000000c830d200) 
thrown [s\open\src\hotspot\share\prims\jni.cpp, line 535]
Event: 768.028 Thread 0x000002365946eab0 Exception <a 'java/io/FileNotFoundException'{0x00000000c8314490}> (0x00000000c8314490) 
thrown [s\open\src\hotspot\share\prims\jni.cpp, line 516]
Event: 768.029 Thread 0x000002365946eab0 Exception <a 'java/io/FileNotFoundException'{0x00000000c83156d8}> (0x00000000c83156d8) 
thrown [s\open\src\hotspot\share\prims\jni.cpp, line 516]
Event: 768.047 Thread 0x000002365946eab0 Exception <a 'java/lang/reflect/InvocationTargetException'{0x00000000c82330a0}> (0x00000000c82330a0) 
thrown [s\open\src\hotspot\share\runtime\reflection.cpp, line 1121]

VM Operations (20 events):
Event: 652.379 Executing VM operation: Cleanup
Event: 652.379 Executing VM operation: Cleanup done
Event: 654.388 Executing VM operation: Cleanup
Event: 654.388 Executing VM operation: Cleanup done
Event: 674.511 Executing VM operation: Cleanup
Event: 674.511 Executing VM operation: Cleanup done
Event: 690.618 Executing VM operation: Cleanup
Event: 690.618 Executing VM operation: Cleanup done
Event: 695.660 Executing VM operation: Cleanup
Event: 695.660 Executing VM operation: Cleanup done
Event: 747.394 Executing VM operation: G1CollectForAllocation
Event: 747.569 Executing VM operation: G1CollectForAllocation done
Event: 753.598 Executing VM operation: Cleanup
Event: 753.599 Executing VM operation: Cleanup done
Event: 754.613 Executing VM operation: Cleanup
Event: 754.615 Executing VM operation: Cleanup done
Event: 757.635 Executing VM operation: Cleanup
Event: 757.650 Executing VM operation: Cleanup done
Event: 763.690 Executing VM operation: Cleanup
Event: 763.690 Executing VM operation: Cleanup done

Events (20 events):
Event: 753.880 loading class javax/net/ssl/SSLHandshakeException
Event: 753.883 loading class javax/crypto/BadPaddingException
Event: 753.886 loading class javax/net/ssl/SSLHandshakeException done
Event: 753.892 loading class javax/crypto/BadPaddingException done
Event: 753.892 loading class javax/crypto/AEADBadTagException done
Event: 753.953 Thread 0x000002365946bd20 Thread exited: 0x000002365946bd20
Event: 754.067 Thread 0x0000023659468570 Thread added: 0x0000023659468570
Event: 754.071 Thread 0x000002365946eab0 Thread added: 0x000002365946eab0
Event: 759.075 Thread 0x0000023659468570 Thread exited: 0x0000023659468570
Event: 762.953 Thread 0x0000023659468a80 Thread added: 0x0000023659468a80
Event: 762.956 Thread 0x0000023659468a80 Thread exited: 0x0000023659468a80
Event: 762.966 Thread 0x000002365946c740 Thread added: 0x000002365946c740
Event: 767.697 loading class sun/net/ConnectionResetException
Event: 767.761 loading class sun/net/ConnectionResetException done
Event: 767.793 loading class java/text/MessageFormat$Field
Event: 767.946 loading class java/text/MessageFormat$Field done
Event: 767.977 Thread 0x000002365946c740 Thread exited: 0x000002365946c740
Event: 768.004 Thread 0x00000236594699b0 Thread added: 0x00000236594699b0
Event: 768.017 Thread 0x000002365946cc50 Thread added: 0x000002365946cc50
Event: 768.022 Thread 0x00000236594699b0 Thread exited: 0x00000236594699b0


Dynamic libraries:
0x00007ff6bb020000 - 0x00007ff6bb030000 	C:\Program Files\Java\jdk-17\bin\java.exe
0x00007ffcfa930000 - 0x00007ffcfab28000 	C:\Windows\SYSTEM32\ntdll.dll
0x00007ffcfa190000 - 0x00007ffcfa252000 	C:\Windows\System32\KERNEL32.DLL
0x00007ffcf83f0000 - 0x00007ffcf86e6000 	C:\Windows\System32\KERNELBASE.dll
0x00007ffcf8040000 - 0x00007ffcf8140000 	C:\Windows\System32\ucrtbase.dll
0x00007ffcf3170000 - 0x00007ffcf3189000 	C:\Program Files\Java\jdk-17\bin\jli.dll
0x00007ffceffe0000 - 0x00007ffcefffb000 	C:\Program Files\Java\jdk-17\bin\VCRUNTIME140.dll
0x00007ffcfa3b0000 - 0x00007ffcfa461000 	C:\Windows\System32\ADVAPI32.dll
0x00007ffcfa470000 - 0x00007ffcfa50e000 	C:\Windows\System32\msvcrt.dll
0x00007ffcf9ac0000 - 0x00007ffcf9b5f000 	C:\Windows\System32\sechost.dll
0x00007ffcf8950000 - 0x00007ffcf8a73000 	C:\Windows\System32\RPCRT4.dll
0x00007ffcf86f0000 - 0x00007ffcf8717000 	C:\Windows\System32\bcrypt.dll
0x00007ffcf9b60000 - 0x00007ffcf9cfd000 	C:\Windows\System32\USER32.dll
0x00007ffcf8720000 - 0x00007ffcf8742000 	C:\Windows\System32\win32u.dll
0x00007ffcdfd90000 - 0x00007ffce002a000 	C:\Windows\WinSxS\amd64_microsoft.windows.common-controls_6595b64144ccf1df_6.0.19041.5915_none_60b4b9d171f9c7c7\COMCTL32.dll
0x00007ffcfa260000 - 0x00007ffcfa28b000 	C:\Windows\System32\GDI32.dll
0x00007ffcf8750000 - 0x00007ffcf8869000 	C:\Windows\System32\gdi32full.dll
0x00007ffcf8140000 - 0x00007ffcf81dd000 	C:\Windows\System32\msvcp_win.dll
0x00007ffcf2e60000 - 0x00007ffcf2e6a000 	C:\Windows\SYSTEM32\VERSION.dll
0x00007ffcf8cb0000 - 0x00007ffcf8cdf000 	C:\Windows\System32\IMM32.DLL
0x00007ffcf3410000 - 0x00007ffcf341c000 	C:\Program Files\Java\jdk-17\bin\vcruntime140_1.dll
0x00007ffccc4a0000 - 0x00007ffccc52e000 	C:\Program Files\Java\jdk-17\bin\msvcp140.dll
0x00007ffc9ba90000 - 0x00007ffc9c670000 	C:\Program Files\Java\jdk-17\bin\server\jvm.dll
0x00007ffcfa510000 - 0x00007ffcfa518000 	C:\Windows\System32\PSAPI.DLL
0x00007ffcd0040000 - 0x00007ffcd0067000 	C:\Windows\SYSTEM32\WINMM.dll
0x00007ffce2140000 - 0x00007ffce2149000 	C:\Windows\SYSTEM32\WSOCK32.dll
0x00007ffcf98c0000 - 0x00007ffcf992b000 	C:\Windows\System32\WS2_32.dll
0x00007ffcf5e40000 - 0x00007ffcf5e52000 	C:\Windows\SYSTEM32\kernel.appcore.dll
0x00007ffcf3250000 - 0x00007ffcf325a000 	C:\Program Files\Java\jdk-17\bin\jimage.dll
0x00007ffcda7b0000 - 0x00007ffcda9b1000 	C:\Windows\SYSTEM32\DBGHELP.DLL
0x00007ffcc9f90000 - 0x00007ffcc9fc4000 	C:\Windows\SYSTEM32\dbgcore.DLL
0x00007ffcf88c0000 - 0x00007ffcf8942000 	C:\Windows\System32\bcryptPrimitives.dll
0x00007ffcf2c20000 - 0x00007ffcf2c2e000 	C:\Program Files\Java\jdk-17\bin\instrument.dll
0x00007ffce74b0000 - 0x00007ffce74d5000 	C:\Program Files\Java\jdk-17\bin\java.dll
0x00007ffcb1c40000 - 0x00007ffcb1d17000 	C:\Program Files\Java\jdk-17\bin\jsvml.dll
0x00007ffcf9150000 - 0x00007ffcf98be000 	C:\Windows\System32\SHELL32.dll
0x00007ffcf6040000 - 0x00007ffcf67e4000 	C:\Windows\SYSTEM32\windows.storage.dll
0x00007ffcf9d00000 - 0x00007ffcfa053000 	C:\Windows\System32\combase.dll
0x00007ffcf7980000 - 0x00007ffcf79ab000 	C:\Windows\SYSTEM32\Wldp.dll
0x00007ffcf9930000 - 0x00007ffcf99fd000 	C:\Windows\System32\OLEAUT32.dll
0x00007ffcf9a00000 - 0x00007ffcf9aad000 	C:\Windows\System32\SHCORE.dll
0x00007ffcf8b70000 - 0x00007ffcf8bcb000 	C:\Windows\System32\shlwapi.dll
0x00007ffcf7ef0000 - 0x00007ffcf7f15000 	C:\Windows\SYSTEM32\profapi.dll
0x00007ffce7390000 - 0x00007ffce73a8000 	C:\Program Files\Java\jdk-17\bin\zip.dll
0x00007ffcefe70000 - 0x00007ffcefe89000 	C:\Program Files\Java\jdk-17\bin\net.dll
0x00007ffcf1c80000 - 0x00007ffcf1d8a000 	C:\Windows\SYSTEM32\WINHTTP.dll
0x00007ffcf7680000 - 0x00007ffcf76ea000 	C:\Windows\system32\mswsock.dll
0x00007ffce9110000 - 0x00007ffce9126000 	C:\Program Files\Java\jdk-17\bin\nio.dll
0x00007ffce7370000 - 0x00007ffce738a000 	C:\Users\driss\AppData\Local\JetBrains\IntelliJ IDEA Community Edition 2022.1.2\bin\breakgen64.dll
0x00007ffcefd90000 - 0x00007ffcefd9e000 	C:\Program Files\Java\jdk-17\bin\sunmscapi.dll
0x00007ffcf81e0000 - 0x00007ffcf833d000 	C:\Windows\System32\CRYPT32.dll
0x00007ffcf79f0000 - 0x00007ffcf7a17000 	C:\Windows\SYSTEM32\ncrypt.dll
0x00007ffcf79b0000 - 0x00007ffcf79eb000 	C:\Windows\SYSTEM32\NTASN1.dll
0x00007ffcf7880000 - 0x00007ffcf7898000 	C:\Windows\SYSTEM32\CRYPTSP.dll
0x00007ffcf6fa0000 - 0x00007ffcf6fd8000 	C:\Windows\system32\rsaenh.dll
0x00007ffcf7eb0000 - 0x00007ffcf7ede000 	C:\Windows\SYSTEM32\USERENV.dll
0x00007ffcf7870000 - 0x00007ffcf787c000 	C:\Windows\SYSTEM32\CRYPTBASE.dll
0x00007ffcf7360000 - 0x00007ffcf739b000 	C:\Windows\SYSTEM32\IPHLPAPI.DLL
0x00007ffcfa520000 - 0x00007ffcfa528000 	C:\Windows\System32\NSI.dll
0x00007ffcf25f0000 - 0x00007ffcf2607000 	C:\Windows\SYSTEM32\dhcpcsvc6.DLL
0x00007ffcf25d0000 - 0x00007ffcf25ed000 	C:\Windows\SYSTEM32\dhcpcsvc.DLL
0x00007ffcf73a0000 - 0x00007ffcf746a000 	C:\Windows\SYSTEM32\DNSAPI.dll
0x00007ffcf0ab0000 - 0x00007ffcf0aba000 	C:\Program Files\Java\jdk-17\bin\management.dll
0x00007ffcf0080000 - 0x00007ffcf008b000 	C:\Program Files\Java\jdk-17\bin\management_ext.dll
0x00007ffce8610000 - 0x00007ffce861a000 	C:\Windows\System32\rasadhlp.dll
0x00007ffcf1870000 - 0x00007ffcf18f0000 	C:\Windows\System32\fwpuclnt.dll
0x00007ffc9ce50000 - 0x00007ffc9ce67000 	C:\Windows\system32\napinsp.dll
0x00007ffc72c70000 - 0x00007ffc72c8b000 	C:\Windows\system32\pnrpnsp.dll
0x00007ffcc38e0000 - 0x00007ffcc38fd000 	C:\Windows\system32\wshbth.dll
0x00007ffcf3150000 - 0x00007ffcf316d000 	C:\Windows\system32\NLAapi.dll
0x00007ffc72c50000 - 0x00007ffc72c62000 	C:\Windows\System32\winrnr.dll
0x00007ffce8320000 - 0x00007ffce8327000 	C:\Windows\system32\wshunix.dll

dbghelp: loaded successfully - version: 4.0.5 - missing functions: none
symbol engine: initialized successfully - sym options: 0x614 - pdb path: .;C:\Program Files\Java\jdk-17\bin;C:\Windows\SYSTEM32;C:\Windows\WinSxS\amd64_microsoft.windows.common-controls_6595b64144ccf1df_6.0.19041.5915_none_60b4b9d171f9c7c7;C:\Program Files\Java\jdk-17\bin\server;C:\Users\driss\AppData\Local\JetBrains\IntelliJ IDEA Community Edition 2022.1.2\bin

VM Arguments:
jvm_args: -javaagent:C:\Users\driss\AppData\Local\JetBrains\IntelliJ IDEA Community Edition 2022.1.2\lib\idea_rt.jar=55189:C:\Users\driss\AppData\Local\JetBrains\IntelliJ IDEA Community Edition 2022.1.2\bin -Dfile.encoding=UTF-8 
java_command: com.cap.renault.RenaultApplication
java_class_path (initial): C:\Users\driss\OneDrive\Documents\GitHub\renault-garage-microservice\target\classes;C:\Users\driss\.m2\repository\org\springframework\boot\spring-boot-starter-data-jpa\3.5.7\spring-boot-starter-data-jpa-3.5.7.jar;C:\Users\driss\.m2\repository\org\springframework\boot\spring-boot-starter\3.5.7\spring-boot-starter-3.5.7.jar;C:\Users\driss\.m2\repository\org\springframework\boot\spring-boot\3.5.7\spring-boot-3.5.7.jar;C:\Users\driss\.m2\repository\org\springframework\boot\spring-boot-autoconfigure\3.5.7\spring-boot-autoconfigure-3.5.7.jar;C:\Users\driss\.m2\repository\org\springframework\boot\spring-boot-starter-logging\3.5.7\spring-boot-starter-logging-3.5.7.jar;C:\Users\driss\.m2\repository\ch\qos\logback\logback-classic\1.5.20\logback-classic-1.5.20.jar;C:\Users\driss\.m2\repository\ch\qos\logback\logback-core\1.5.20\logback-core-1.5.20.jar;C:\Users\driss\.m2\repository\org\apache\logging\log4j\log4j-to-slf4j\2.24.3\log4j-to-slf4j-2.24.3.jar;C:\Users\driss\.m2\repository\org\apache\logging\log4j\log4j-api\2.24.3\log4j-api-2.24.3.jar;C:\Users\driss\.m2\repository\org\slf4j\jul-to-slf4j\2.0.17\jul-to-slf4j-2.0.17.jar;C:\Users\driss\.m2\repository\jakarta\annotation\jakarta.annotation-api\2.1.1\jakarta.annotation-api-2.1.1.jar;C:\Users\driss\.m2\repository\org\yaml\snakeyaml\2.4\snakeyaml-2.4.jar;C:\Users\driss\.m2\repository\org\springframework\boot\spring-boot-starter-jdbc\3.5.7\spring-boot-starter-jdbc-3.5.7.jar;C:\Users\driss\.m2\repository\com\zaxxer\HikariCP\6.3.3\HikariCP-6.3.3.jar;C:\Users\driss\.m2\repository\org\springframework\spring-jdbc\6.2.12\spring-jdbc-6.2.12.jar;C:\Users\driss\.m2\repository\org\hibernate\orm\hibernate-core\6.6.33.Final\hibernate-core-6.6.33.Final.jar;C:\Users\driss\.m2\repository\jakarta\persistence\jakarta.persistence-api\3.1.0\jakarta.persistence-api-3.1.0.jar;C:\Users\driss\.m2\repository\jakarta\transaction\jakarta.transaction-api\2.0.1\jakarta.transaction-api-2.0.1.jar;C:\Users\driss\.m2\repository\or
Launcher Type: SUN_STANDARD

[Global flags]
     intx CICompilerCount                          = 3                                         {product} {ergonomic}
     uint ConcGCThreads                            = 1                                         {product} {ergonomic}
     uint G1ConcRefinementThreads                  = 4                                         {product} {ergonomic}
   size_t G1HeapRegionSize                         = 1048576                                   {product} {ergonomic}
    uintx GCDrainStackTargetSize                   = 64                                        {product} {ergonomic}
   size_t InitialHeapSize                          = 67108864                                  {product} {ergonomic}
   size_t MarkStackSize                            = 4194304                                   {product} {ergonomic}
   size_t MaxHeapSize                              = 1044381696                                {product} {ergonomic}
   size_t MaxNewSize                               = 625999872                                 {product} {ergonomic}
   size_t MinHeapDeltaBytes                        = 1048576                                   {product} {ergonomic}
   size_t MinHeapSize                              = 8388608                                   {product} {ergonomic}
    uintx NonNMethodCodeHeapSize                   = 5832780                                {pd product} {ergonomic}
    uintx NonProfiledCodeHeapSize                  = 122912730                              {pd product} {ergonomic}
    uintx ProfiledCodeHeapSize                     = 122912730                              {pd product} {ergonomic}
    uintx ReservedCodeCacheSize                    = 251658240                              {pd product} {ergonomic}
     bool SegmentedCodeCache                       = true                                      {product} {ergonomic}
   size_t SoftMaxHeapSize                          = 1044381696                             {manageable} {ergonomic}
     bool UseCompressedClassPointers               = true                           {product lp64_product} {ergonomic}
     bool UseCompressedOops                        = true                           {product lp64_product} {ergonomic}
     bool UseG1GC                                  = true                                      {product} {ergonomic}
     bool UseLargePagesIndividualAllocation        = false                                  {pd product} {ergonomic}

Logging:
Log output configuration:
 #0: stdout all=warning uptime,level,tags
 #1: stderr all=off uptime,level,tags

Environment Variables:
JAVA_HOME=C:\Program Files\Java\jdk-17
PATH=C:\Windows\system32;C:\Windows;C:\Windows\System32\Wbem;C:\Windows\System32\WindowsPowerShell\v1.0\;C:\Windows\System32\OpenSSH\;C:\Program Files\Microsoft SQL Server\Client SDK\ODBC\170\Tools\Binn\;C:\Program Files (x86)\Microsoft SQL Server\150\Tools\Binn\;C:\Program Files\Microsoft SQL Server\150\Tools\Binn\;C:\Program Files\Microsoft SQL Server\150\DTS\Binn\;C:\Program Files (x86)\Microsoft SQL Server\150\DTS\Binn\;C:\Program Files\Azure Data Studio\bin;C:\Program Files\Git\cmd;C:\Program Files\PostgreSQL\17\bin;C:\Program Files\Docker\Docker\resources\bin;C:\Users\driss\AppData\Local\nvm;C:\nvm4w\nodejs;C:\Program Files\Java\jdk-17\bin;C:\Program Files\apache-maven-3.9.11\bin;C:\Users\driss\anaconda3;C:\Users\driss\anaconda3\Library\mingw-w64\bin;C:\Users\driss\anaconda3\Library\usr\bin;C:\Users\driss\anaconda3\Library\bin;C:\Users\driss\anaconda3\Scripts;C:\Users\driss\AppData\Local\Microsoft\WindowsApps;C:\Users\driss\AppData\Local\Programs\Microsoft VS Code\bin;C:\Program Files\Azure Data Studio\bin;C:\Users\driss\AppData\Roaming\npm;C:\Users\driss\AppData\Local\GitHubDesktop\bin;C:\Users\driss\AppData\Local\nvm;C:\nvm4w\nodejs;C:\Program Files\Java\jdk-17\bin;C:\Program Files\apache-maven-3.9.11\bin;
USERNAME=Drissi
OS=Windows_NT
PROCESSOR_IDENTIFIER=Intel64 Family 6 Model 78 Stepping 3, GenuineIntel



---------------  S Y S T E M  ---------------

OS:
 Windows 10 , 64 bit Build 19041 (10.0.19041.5915)
OS uptime: 96 days 3:08 hours

CPU: total 4 (initial active 4) (2 cores per cpu, 2 threads per core) family 6 model 78 stepping 3 microcode 0xcc, cx8, cmov, fxsr, ht, mmx, 3dnowpref, sse, sse2, sse3, ssse3, sse4.1, sse4.2, popcnt, lzcnt, tsc, tscinvbit, avx, avx2, aes, erms, clmul, bmi1, bmi2, rtm, adx, fma, vzeroupper, clflush, clflushopt

Memory: 4k page, system-wide physical 3976M (95M free)
TotalPageFile size 16264M (AvailPageFile size 1M)
current process WorkingSet (physical memory assigned to process): 90M, peak: 223M
current process commit charge ("private bytes"): 320M, peak: 331M

vm_info: Java HotSpot(TM) 64-Bit Server VM (17.0.12+8-LTS-286) for windows-amd64 JRE (17.0.12+8-LTS-286), built on Jun  5 2024 06:46:59 by "mach5one" with MS VC++ 17.6 (VS2022)

END.
